,number,value,datetime_start,datetime_complete,duration,params_activation,params_bottleneck_size,params_dropout_l1,params_dropout_l2,params_dropout_l3,params_dropout_l4,params_dropout_l5,params_dropout_l6,params_lr,params_n_layers,params_optimizer,user_attrs_bottleneck,user_attrs_decoder_dropout1,user_attrs_decoder_dropout2,user_attrs_decoder_dropout3,user_attrs_decoder_dropout4,user_attrs_decoder_dropout5,user_attrs_decoder_dropout6,user_attrs_decoder_final,user_attrs_decoder_layer1,user_attrs_decoder_layer2,user_attrs_decoder_layer3,user_attrs_decoder_layer4,user_attrs_decoder_layer5,user_attrs_decoder_layer6,user_attrs_encoder_dropout1,user_attrs_encoder_dropout2,user_attrs_encoder_dropout3,user_attrs_encoder_dropout4,user_attrs_encoder_dropout5,user_attrs_encoder_dropout6,user_attrs_encoder_layer1,user_attrs_encoder_layer2,user_attrs_encoder_layer3,user_attrs_encoder_layer4,user_attrs_encoder_layer5,user_attrs_encoder_layer6,state
361,361,0.27160918712615967,2023-04-05 17:29:28.623669,2023-04-05 17:29:29.760818,0 days 00:00:01.137149,2,59,0.018728252377617903,0.27000732713785536,0.23950193600821632,,,,0.002129341110840484,3,Adam,"[48, 59]",0.018728252377617903,0.27000732713785536,0.23950193600821632,,,,"[1302, 193]","[59, 48]","[48, 386]","[386, 1302]",,,,0.018728252377617903,0.27000732713785536,0.23950193600821632,,,,"[386, 48]","[1302, 386]","[193, 1302]",,,,PRUNED
362,362,0.42502322793006897,2023-04-05 17:29:29.761850,2023-04-05 17:29:30.248989,0 days 00:00:00.487139,2,91,0.15222080787114112,0.09696358638724756,0.19064258597891137,,,,0.001861418819240329,3,Adam,"[48, 91]",0.15222080787114112,0.09696358638724756,0.19064258597891137,,,,"[1302, 193]","[91, 48]","[48, 386]","[386, 1302]",,,,0.15222080787114112,0.09696358638724756,0.19064258597891137,,,,"[386, 48]","[1302, 386]","[193, 1302]",,,,PRUNED
363,363,0.9775022864341736,2023-04-05 17:29:30.249910,2023-04-05 17:29:30.510898,0 days 00:00:00.260988,4,55,0.02674153149255387,0.1631804222360163,0.1757423147044314,,,,0.0010118786533651336,3,SGD,"[48, 55]",0.02674153149255387,0.1631804222360163,0.1757423147044314,,,,"[1302, 193]","[55, 48]","[48, 386]","[386, 1302]",,,,0.02674153149255387,0.1631804222360163,0.1757423147044314,,,,"[386, 48]","[1302, 386]","[193, 1302]",,,,PRUNED
364,364,0.9006745219230652,2023-04-05 17:29:30.511839,2023-04-05 17:29:30.791847,0 days 00:00:00.280008,2,62,0.08644514999383679,0.14350638117659417,0.2813738601307674,,,,3.674770643520815e-05,3,Adam,"[48, 62]",0.08644514999383679,0.14350638117659417,0.2813738601307674,,,,"[1302, 193]","[62, 48]","[48, 386]","[386, 1302]",,,,0.08644514999383679,0.14350638117659417,0.2813738601307674,,,,"[386, 48]","[1302, 386]","[193, 1302]",,,,PRUNED
365,365,0.6020370125770569,2023-04-05 17:29:30.792928,2023-04-05 17:29:31.066610,0 days 00:00:00.273682,2,69,0.0008690811195535748,0.20883110137093916,0.20900066926313854,,,,0.00022735282184007413,3,Adam,"[48, 69]",0.0008690811195535748,0.20883110137093916,0.20900066926313854,,,,"[1302, 193]","[69, 48]","[48, 386]","[386, 1302]",,,,0.0008690811195535748,0.20883110137093916,0.20900066926313854,,,,"[386, 48]","[1302, 386]","[193, 1302]",,,,PRUNED
366,366,0.6059052348136902,2023-04-05 17:29:31.067440,2023-04-05 17:29:31.350100,0 days 00:00:00.282660,2,58,0.15865496558482517,0.15551269204093726,0.055217092377843446,,,,0.0001873076879590499,3,Adam,"[48, 58]",0.15865496558482517,0.15551269204093726,0.055217092377843446,,,,"[1302, 193]","[58, 48]","[48, 386]","[386, 1302]",,,,0.15865496558482517,0.15551269204093726,0.055217092377843446,,,,"[386, 48]","[1302, 386]","[193, 1302]",,,,PRUNED
367,367,37030.421875,2023-04-05 17:29:31.350931,2023-04-05 17:29:40.765327,0 days 00:00:09.414396,2,122,4.4962520193649394e-05,0.08507868079984068,0.11550582932081963,0.0385393831230888,0.4429984927059089,0.45873182214474734,0.0024580845148331025,6,Adam,"[48, 122]",4.4962520193649394e-05,0.08507868079984068,0.11550582932081963,0.0385393831230888,0.4429984927059089,0.45873182214474734,"[10422, 193]","[122, 48]","[48, 386]","[386, 1302]","[1302, 3088]","[3088, 6031]","[6031, 10422]",4.4962520193649394e-05,0.08507868079984068,0.11550582932081963,0.0385393831230888,0.4429984927059089,0.45873182214474734,"[386, 48]","[1302, 386]","[3088, 1302]","[6031, 3088]","[10422, 6031]","[193, 10422]",PRUNED
368,368,0.7811267971992493,2023-04-05 17:29:40.766209,2023-04-05 17:29:41.046794,0 days 00:00:00.280585,0,57,0.048327195473795,0.13558717830127803,0.14807335509836436,,,,0.0006167532580185654,3,RMSprop,"[48, 57]",0.048327195473795,0.13558717830127803,0.14807335509836436,,,,"[1302, 193]","[57, 48]","[48, 386]","[386, 1302]",,,,0.048327195473795,0.13558717830127803,0.14807335509836436,,,,"[386, 48]","[1302, 386]","[193, 1302]",,,,PRUNED
369,369,0.9564976096153259,2023-04-05 17:29:41.047683,2023-04-05 17:29:41.333940,0 days 00:00:00.286257,2,119,0.0147949561727963,0.11499470312034892,0.18474639542968224,,,,1.7390878490150455e-05,3,Adam,"[48, 119]",0.0147949561727963,0.11499470312034892,0.18474639542968224,,,,"[1302, 193]","[119, 48]","[48, 386]","[386, 1302]",,,,0.0147949561727963,0.11499470312034892,0.18474639542968224,,,,"[386, 48]","[1302, 386]","[193, 1302]",,,,PRUNED
370,370,0.7119051218032837,2023-04-05 17:29:41.334693,2023-04-05 17:29:41.618191,0 days 00:00:00.283498,3,114,0.030712221965421824,0.19476285948721517,0.1965298282755638,,,,0.0012437107401131215,3,Adam,"[48, 114]",0.030712221965421824,0.19476285948721517,0.1965298282755638,,,,"[1302, 193]","[114, 48]","[48, 386]","[386, 1302]",,,,0.030712221965421824,0.19476285948721517,0.1965298282755638,,,,"[386, 48]","[1302, 386]","[193, 1302]",,,,PRUNED
371,371,0.1304878443479538,2023-04-05 17:29:41.618955,2023-04-05 17:29:52.607269,0 days 00:00:10.988314,2,55,0.00986476974747888,0.09916215742147863,0.17238601784884658,,,,0.0016772072297860732,3,Adam,"[48, 55]",0.00986476974747888,0.09916215742147863,0.17238601784884658,,,,"[1302, 193]","[55, 48]","[48, 386]","[386, 1302]",,,,0.00986476974747888,0.09916215742147863,0.17238601784884658,,,,"[386, 48]","[1302, 386]","[193, 1302]",,,,COMPLETE
372,372,0.37633460760116577,2023-04-05 17:29:52.608668,2023-04-05 17:29:53.108124,0 days 00:00:00.499456,2,54,0.01666176659265968,0.0955705595911534,0.17312834055569254,,,,0.0017262573246344518,3,Adam,"[48, 54]",0.01666176659265968,0.0955705595911534,0.17312834055569254,,,,"[1302, 193]","[54, 48]","[48, 386]","[386, 1302]",,,,0.01666176659265968,0.0955705595911534,0.17312834055569254,,,,"[386, 48]","[1302, 386]","[193, 1302]",,,,PRUNED
373,373,0.6359994411468506,2023-04-05 17:29:53.108919,2023-04-05 17:29:53.389224,0 days 00:00:00.280305,1,56,0.11817117049286205,0.10633014885502562,0.1839043281607984,,,,0.0022430091063755887,3,Adam,"[48, 56]",0.11817117049286205,0.10633014885502562,0.1839043281607984,,,,"[1302, 193]","[56, 48]","[48, 386]","[386, 1302]",,,,0.11817117049286205,0.10633014885502562,0.1839043281607984,,,,"[386, 48]","[1302, 386]","[193, 1302]",,,,PRUNED
374,374,0.4703216552734375,2023-04-05 17:29:53.390076,2023-04-05 17:29:53.672693,0 days 00:00:00.282617,2,52,0.03778417494845966,0.10225758126723397,0.1699819542882915,,,,0.0016865121870915385,3,Adam,"[48, 52]",0.03778417494845966,0.10225758126723397,0.1699819542882915,,,,"[1302, 193]","[52, 48]","[48, 386]","[386, 1302]",,,,0.03778417494845966,0.10225758126723397,0.1699819542882915,,,,"[386, 48]","[1302, 386]","[193, 1302]",,,,PRUNED
375,375,0.39069920778274536,2023-04-05 17:29:53.673487,2023-04-05 17:29:54.169861,0 days 00:00:00.496374,2,55,0.009336605854039531,0.07231583648168499,0.16088525306611381,,,,0.001354891995547711,3,Adam,"[48, 55]",0.009336605854039531,0.07231583648168499,0.16088525306611381,,,,"[1302, 193]","[55, 48]","[48, 386]","[386, 1302]",,,,0.009336605854039531,0.07231583648168499,0.16088525306611381,,,,"[386, 48]","[1302, 386]","[193, 1302]",,,,PRUNED
376,376,0.3183212876319885,2023-04-05 17:29:54.170652,2023-04-05 17:29:55.400993,0 days 00:00:01.230341,2,60,0.024157397484916035,0.08078054315162107,0.19159745937143705,,,,0.0028076812272302015,3,Adam,"[48, 60]",0.024157397484916035,0.08078054315162107,0.19159745937143705,,,,"[1302, 193]","[60, 48]","[48, 386]","[386, 1302]",,,,0.024157397484916035,0.08078054315162107,0.19159745937143705,,,,"[386, 48]","[1302, 386]","[193, 1302]",,,,PRUNED
377,377,0.5242378115653992,2023-04-05 17:29:55.401769,2023-04-05 17:29:55.696709,0 days 00:00:00.294940,5,57,0.19284292475635487,0.11933418717325964,0.18001712077582285,,,,0.0015497447862973571,3,Adam,"[48, 57]",0.19284292475635487,0.11933418717325964,0.18001712077582285,,,,"[1302, 193]","[57, 48]","[48, 386]","[386, 1302]",,,,0.19284292475635487,0.11933418717325964,0.18001712077582285,,,,"[386, 48]","[1302, 386]","[193, 1302]",,,,PRUNED
378,378,0.533424973487854,2023-04-05 17:29:55.697526,2023-04-05 17:29:55.983617,0 days 00:00:00.286091,2,53,0.008836664185171768,0.13288252969923509,0.2054958757736613,,,,0.004048878251347598,3,Adam,"[48, 53]",0.008836664185171768,0.13288252969923509,0.2054958757736613,,,,"[1302, 193]","[53, 48]","[48, 386]","[386, 1302]",,,,0.008836664185171768,0.13288252969923509,0.2054958757736613,,,,"[386, 48]","[1302, 386]","[193, 1302]",,,,PRUNED
379,379,0.4875400960445404,2023-04-05 17:29:55.984458,2023-04-05 17:29:56.233199,0 days 00:00:00.248741,2,58,5.917897724204135e-05,0.023030041890318598,,,,,0.002002669454838154,2,Adam,"[48, 58]",5.917897724204135e-05,0.023030041890318598,,,,,"[386, 193]","[58, 48]","[48, 386]",,,,,5.917897724204135e-05,0.023030041890318598,,,,,"[386, 48]","[193, 386]",,,,,PRUNED
380,380,0.9705852270126343,2023-04-05 17:29:56.234036,2023-04-05 17:29:56.526983,0 days 00:00:00.292947,2,55,0.01811507181449874,0.09237624728013151,0.21476616044712124,,,,1.3831109325723525e-05,3,Adam,"[48, 55]",0.01811507181449874,0.09237624728013151,0.21476616044712124,,,,"[1302, 193]","[55, 48]","[48, 386]","[386, 1302]",,,,0.01811507181449874,0.09237624728013151,0.21476616044712124,,,,"[386, 48]","[1302, 386]","[193, 1302]",,,,PRUNED
381,381,0.48086851835250854,2023-04-05 17:29:56.527813,2023-04-05 17:29:56.812767,0 days 00:00:00.284954,2,66,0.03240792574559922,0.15119353617307402,0.17284834050677805,,,,0.001118362869762109,3,Adam,"[48, 66]",0.03240792574559922,0.15119353617307402,0.17284834050677805,,,,"[1302, 193]","[66, 48]","[48, 386]","[386, 1302]",,,,0.03240792574559922,0.15119353617307402,0.17284834050677805,,,,"[386, 48]","[1302, 386]","[193, 1302]",,,,PRUNED
382,382,0.5160531401634216,2023-04-05 17:29:56.813693,2023-04-05 17:29:57.106053,0 days 00:00:00.292360,2,61,0.2709688701168729,0.002522693372803142,0.1566911867436106,,,,0.0009148141487700077,3,Adam,"[48, 61]",0.2709688701168729,0.002522693372803142,0.1566911867436106,,,,"[1302, 193]","[61, 48]","[48, 386]","[386, 1302]",,,,0.2709688701168729,0.002522693372803142,0.1566911867436106,,,,"[386, 48]","[1302, 386]","[193, 1302]",,,,PRUNED
383,383,0.4012734591960907,2023-04-05 17:29:57.106824,2023-04-05 17:29:57.617276,0 days 00:00:00.510452,2,53,0.0762673509818218,0.40380207434885335,0.18963695159747318,,,,0.0013163766383402788,3,Adam,"[48, 53]",0.0762673509818218,0.40380207434885335,0.18963695159747318,,,,"[1302, 193]","[53, 48]","[48, 386]","[386, 1302]",,,,0.0762673509818218,0.40380207434885335,0.18963695159747318,,,,"[386, 48]","[1302, 386]","[193, 1302]",,,,PRUNED
384,384,0.49331963062286377,2023-04-05 17:29:57.618103,2023-04-05 17:29:57.897599,0 days 00:00:00.279496,2,58,0.26021211479138434,0.11770049143728716,0.2247980297880085,,,,0.0022953983449941575,3,Adam,"[48, 58]",0.26021211479138434,0.11770049143728716,0.2247980297880085,,,,"[1302, 193]","[58, 48]","[48, 386]","[386, 1302]",,,,0.26021211479138434,0.11770049143728716,0.2247980297880085,,,,"[386, 48]","[1302, 386]","[193, 1302]",,,,PRUNED
385,385,0.4993804097175598,2023-04-05 17:29:57.898423,2023-04-05 17:29:58.173667,0 days 00:00:00.275244,2,63,0.22778462180773176,0.14252238746272555,0.24950258453561142,,,,0.0017909711489007933,3,Adam,"[48, 63]",0.22778462180773176,0.14252238746272555,0.24950258453561142,,,,"[1302, 193]","[63, 48]","[48, 386]","[386, 1302]",,,,0.22778462180773176,0.14252238746272555,0.24950258453561142,,,,"[386, 48]","[1302, 386]","[193, 1302]",,,,PRUNED
386,386,0.572895884513855,2023-04-05 17:29:58.174470,2023-04-05 17:29:58.448309,0 days 00:00:00.273839,2,56,0.28684134566804315,0.10220727529794944,0.17742411782474002,,,,0.005806982389546864,3,Adagrad,"[48, 56]",0.28684134566804315,0.10220727529794944,0.17742411782474002,,,,"[1302, 193]","[56, 48]","[48, 386]","[386, 1302]",,,,0.28684134566804315,0.10220727529794944,0.17742411782474002,,,,"[386, 48]","[1302, 386]","[193, 1302]",,,,PRUNED
387,387,0.5280369520187378,2023-04-05 17:29:58.449151,2023-04-05 17:29:58.740035,0 days 00:00:00.290884,2,52,0.3197474959541975,0.06575797283176288,0.19855699804855087,,,,0.00153595171497669,3,Adam,"[48, 52]",0.3197474959541975,0.06575797283176288,0.19855699804855087,,,,"[1302, 193]","[52, 48]","[48, 386]","[386, 1302]",,,,0.3197474959541975,0.06575797283176288,0.19855699804855087,,,,"[386, 48]","[1302, 386]","[193, 1302]",,,,PRUNED
388,388,0.9982327222824097,2023-04-05 17:29:58.741048,2023-04-05 17:30:01.170625,0 days 00:00:02.429577,2,54,0.009776194434318248,0.08541374826651896,0.16511236012020408,0.08844108541153589,0.4991179217392314,,0.0010890704868130507,5,SGD,"[48, 54]",0.009776194434318248,0.08541374826651896,0.16511236012020408,0.08844108541153589,0.4991179217392314,,"[6031, 193]","[54, 48]","[48, 386]","[386, 1302]","[1302, 3088]","[3088, 6031]",,0.009776194434318248,0.08541374826651896,0.16511236012020408,0.08844108541153589,0.4991179217392314,,"[386, 48]","[1302, 386]","[3088, 1302]","[6031, 3088]","[193, 6031]",,PRUNED
389,389,3.7522056102752686,2023-04-05 17:30:01.171523,2023-04-05 17:30:01.462782,0 days 00:00:00.291259,4,59,0.14145457704911701,0.12532315587964313,0.14869965444743483,,,,0.01713168993616598,3,Adam,"[48, 59]",0.14145457704911701,0.12532315587964313,0.14869965444743483,,,,"[1302, 193]","[59, 48]","[48, 386]","[386, 1302]",,,,0.14145457704911701,0.12532315587964313,0.14869965444743483,,,,"[386, 48]","[1302, 386]","[193, 1302]",,,,PRUNED
390,390,0.9926465153694153,2023-04-05 17:30:01.463601,2023-04-05 17:30:01.761914,0 days 00:00:00.298313,2,56,0.49069307777050986,0.11045156541196842,0.18498363564783624,,,,2.906953655913671e-05,3,Adam,"[48, 56]",0.49069307777050986,0.11045156541196842,0.18498363564783624,,,,"[1302, 193]","[56, 48]","[48, 386]","[386, 1302]",,,,0.49069307777050986,0.11045156541196842,0.18498363564783624,,,,"[386, 48]","[1302, 386]","[193, 1302]",,,,PRUNED
391,391,0.9788801670074463,2023-04-05 17:30:01.762991,2023-04-05 17:30:02.042728,0 days 00:00:00.279737,2,96,0.017244929817027577,0.16314545767875205,0.16853588837515426,,,,2.077543646439105e-05,3,Adam,"[48, 96]",0.017244929817027577,0.16314545767875205,0.16853588837515426,,,,"[1302, 193]","[96, 48]","[48, 386]","[386, 1302]",,,,0.017244929817027577,0.16314545767875205,0.16853588837515426,,,,"[386, 48]","[1302, 386]","[193, 1302]",,,,PRUNED
392,392,8234257.5,2023-04-05 17:30:02.043593,2023-04-05 17:30:02.321330,0 days 00:00:00.277737,2,60,0.00885347398550743,0.28429588669510497,0.20295538178697378,,,,0.038867293359391826,3,RMSprop,"[48, 60]",0.00885347398550743,0.28429588669510497,0.20295538178697378,,,,"[1302, 193]","[60, 48]","[48, 386]","[386, 1302]",,,,0.00885347398550743,0.28429588669510497,0.20295538178697378,,,,"[386, 48]","[1302, 386]","[193, 1302]",,,,PRUNED
393,393,0.5168949961662292,2023-04-05 17:30:02.322118,2023-04-05 17:30:02.606030,0 days 00:00:00.283912,2,54,0.06828212714386901,0.13561210157711662,0.3405597384525297,,,,0.003300270594556315,3,Adam,"[48, 54]",0.06828212714386901,0.13561210157711662,0.3405597384525297,,,,"[1302, 193]","[54, 48]","[48, 386]","[386, 1302]",,,,0.06828212714386901,0.13561210157711662,0.3405597384525297,,,,"[386, 48]","[1302, 386]","[193, 1302]",,,,PRUNED
394,394,0.37019023299217224,2023-04-05 17:30:02.606818,2023-04-05 17:30:03.144778,0 days 00:00:00.537960,2,51,0.0974494349444241,0.04474246239352363,0.1609026389123508,,,,0.0020146481446921293,3,Adam,"[48, 51]",0.0974494349444241,0.04474246239352363,0.1609026389123508,,,,"[1302, 193]","[51, 48]","[48, 386]","[386, 1302]",,,,0.0974494349444241,0.04474246239352363,0.1609026389123508,,,,"[386, 48]","[1302, 386]","[193, 1302]",,,,PRUNED
395,395,0.6640059351921082,2023-04-05 17:30:03.145542,2023-04-05 17:30:03.460603,0 days 00:00:00.315061,0,57,0.00022714514963510443,0.4777263969949211,0.1775532810802125,,,,0.0013139923705651284,3,Adam,"[48, 57]",0.00022714514963510443,0.4777263969949211,0.1775532810802125,,,,"[1302, 193]","[57, 48]","[48, 386]","[386, 1302]",,,,0.00022714514963510443,0.4777263969949211,0.1775532810802125,,,,"[386, 48]","[1302, 386]","[193, 1302]",,,,PRUNED
396,396,0.49523407220840454,2023-04-05 17:30:03.461401,2023-04-05 17:30:03.824689,0 days 00:00:00.363288,2,55,0.026210736893700626,0.14844030928695304,0.14254368442238272,,,,0.0007924660021321709,3,Adam,"[48, 55]",0.026210736893700626,0.14844030928695304,0.14254368442238272,,,,"[1302, 193]","[55, 48]","[48, 386]","[386, 1302]",,,,0.026210736893700626,0.14844030928695304,0.14254368442238272,,,,"[386, 48]","[1302, 386]","[193, 1302]",,,,PRUNED
397,397,0.6541600227355957,2023-04-05 17:30:03.825514,2023-04-05 17:30:04.165888,0 days 00:00:00.340374,3,110,0.009628093063314705,0.12516838129281288,0.18980799080195054,,,,0.0023943201897670004,3,Adam,"[48, 110]",0.009628093063314705,0.12516838129281288,0.18980799080195054,,,,"[1302, 193]","[110, 48]","[48, 386]","[386, 1302]",,,,0.009628093063314705,0.12516838129281288,0.18980799080195054,,,,"[386, 48]","[1302, 386]","[193, 1302]",,,,PRUNED
398,398,636.49658203125,2023-04-05 17:30:04.166644,2023-04-05 17:30:04.450190,0 days 00:00:00.283546,2,58,0.1274112046451978,0.13880418414501802,0.1546052213545522,,,,0.05625849164435271,3,Adam,"[48, 58]",0.1274112046451978,0.13880418414501802,0.1546052213545522,,,,"[1302, 193]","[58, 48]","[48, 386]","[386, 1302]",,,,0.1274112046451978,0.13880418414501802,0.1546052213545522,,,,"[386, 48]","[1302, 386]","[193, 1302]",,,,PRUNED
399,399,0.5087438821792603,2023-04-05 17:30:04.450982,2023-04-05 17:30:04.736912,0 days 00:00:00.285930,2,62,0.24888940036647256,0.052442986848471776,0.1742986641803803,,,,0.0015730955716459294,3,Adam,"[48, 62]",0.24888940036647256,0.052442986848471776,0.1742986641803803,,,,"[1302, 193]","[62, 48]","[48, 386]","[386, 1302]",,,,0.24888940036647256,0.052442986848471776,0.1742986641803803,,,,"[386, 48]","[1302, 386]","[193, 1302]",,,,PRUNED
400,400,0.4771186411380768,2023-04-05 17:30:04.737721,2023-04-05 17:30:05.029663,0 days 00:00:00.291942,2,52,8.933851081444012e-06,0.014875972196131487,0.19595877006466852,,,,0.0027751008529736812,3,Adam,"[48, 52]",8.933851081444012e-06,0.014875972196131487,0.19595877006466852,,,,"[1302, 193]","[52, 48]","[48, 386]","[386, 1302]",,,,8.933851081444012e-06,0.014875972196131487,0.19595877006466852,,,,"[386, 48]","[1302, 386]","[193, 1302]",,,,PRUNED
401,401,0.4908364713191986,2023-04-05 17:30:05.030492,2023-04-05 17:30:05.309339,0 days 00:00:00.278847,2,55,0.019185212756619923,0.11025882909586802,0.21837461469764774,,,,0.0011566564314684862,3,Adam,"[48, 55]",0.019185212756619923,0.11025882909586802,0.21837461469764774,,,,"[1302, 193]","[55, 48]","[48, 386]","[386, 1302]",,,,0.019185212756619923,0.11025882909586802,0.21837461469764774,,,,"[386, 48]","[1302, 386]","[193, 1302]",,,,PRUNED
402,402,0.479683518409729,2023-04-05 17:30:05.310367,2023-04-05 17:30:05.589701,0 days 00:00:00.279334,2,124,0.2122818519644721,0.34150526403231335,0.16438854199510464,,,,0.000951547495124933,3,Adam,"[48, 124]",0.2122818519644721,0.34150526403231335,0.16438854199510464,,,,"[1302, 193]","[124, 48]","[48, 386]","[386, 1302]",,,,0.2122818519644721,0.34150526403231335,0.16438854199510464,,,,"[386, 48]","[1302, 386]","[193, 1302]",,,,PRUNED
403,403,0.4125828146934509,2023-04-05 17:30:05.590523,2023-04-05 17:30:06.083404,0 days 00:00:00.492881,2,84,0.04097275225646199,0.1589645925883029,0.18018058988652144,,,,0.0018527311357574847,3,Adam,"[48, 84]",0.04097275225646199,0.1589645925883029,0.18018058988652144,,,,"[1302, 193]","[84, 48]","[48, 386]","[386, 1302]",,,,0.04097275225646199,0.1589645925883029,0.18018058988652144,,,,"[386, 48]","[1302, 386]","[193, 1302]",,,,PRUNED
404,404,0.5036613941192627,2023-04-05 17:30:06.084404,2023-04-05 17:30:06.381764,0 days 00:00:00.297360,2,60,0.25731052136998284,0.17594921643306388,0.2069665247259317,,,,0.0014541128626547617,3,Adam,"[48, 60]",0.25731052136998284,0.17594921643306388,0.2069665247259317,,,,"[1302, 193]","[60, 48]","[48, 386]","[386, 1302]",,,,0.25731052136998284,0.17594921643306388,0.2069665247259317,,,,"[386, 48]","[1302, 386]","[193, 1302]",,,,PRUNED
405,405,0.8333520293235779,2023-04-05 17:30:06.382579,2023-04-05 17:30:06.662986,0 days 00:00:00.280407,5,42,0.009897864050094983,0.32464174544393287,0.18762802349750887,,,,0.0001451377083916753,3,Adam,"[48, 42]",0.009897864050094983,0.32464174544393287,0.18762802349750887,,,,"[1302, 193]","[42, 48]","[48, 386]","[386, 1302]",,,,0.009897864050094983,0.32464174544393287,0.18762802349750887,,,,"[386, 48]","[1302, 386]","[193, 1302]",,,,PRUNED
406,406,0.7408024668693542,2023-04-05 17:30:06.663922,2023-04-05 17:30:06.946369,0 days 00:00:00.282447,1,65,0.1000883816023268,0.30451868290503914,0.15236084493279714,,,,0.0007577813862867053,3,Adam,"[48, 65]",0.1000883816023268,0.30451868290503914,0.15236084493279714,,,,"[1302, 193]","[65, 48]","[48, 386]","[386, 1302]",,,,0.1000883816023268,0.30451868290503914,0.15236084493279714,,,,"[386, 48]","[1302, 386]","[193, 1302]",,,,PRUNED
