,number,value,datetime_start,datetime_complete,duration,params_activation,params_bottleneck_size,params_dropout_l1,params_dropout_l2,params_dropout_l3,params_dropout_l4,params_dropout_l5,params_dropout_l6,params_lr,params_n_layers,params_optimizer,user_attrs_bottleneck,user_attrs_decoder_dropout1,user_attrs_decoder_dropout2,user_attrs_decoder_dropout3,user_attrs_decoder_dropout4,user_attrs_decoder_dropout5,user_attrs_decoder_dropout6,user_attrs_decoder_final,user_attrs_decoder_layer1,user_attrs_decoder_layer2,user_attrs_decoder_layer3,user_attrs_decoder_layer4,user_attrs_decoder_layer5,user_attrs_decoder_layer6,user_attrs_encoder_dropout1,user_attrs_encoder_dropout2,user_attrs_encoder_dropout3,user_attrs_encoder_dropout4,user_attrs_encoder_dropout5,user_attrs_encoder_dropout6,user_attrs_encoder_layer1,user_attrs_encoder_layer2,user_attrs_encoder_layer3,user_attrs_encoder_layer4,user_attrs_encoder_layer5,user_attrs_encoder_layer6,state
407,407,0.33589157462120056,2023-04-05 17:30:06.947118,2023-04-05 17:30:07.659231,0 days 00:00:00.712113,2,57,0.07951562219826847,0.2536352490029081,0.1687527468807397,,,,0.002216991997601691,3,Adam,"[48, 57]",0.07951562219826847,0.2536352490029081,0.1687527468807397,,,,"[1302, 193]","[57, 48]","[48, 386]","[386, 1302]",,,,0.07951562219826847,0.2536352490029081,0.1687527468807397,,,,"[386, 48]","[1302, 386]","[193, 1302]",,,,PRUNED
408,408,0.31601545214653015,2023-04-05 17:30:07.660074,2023-04-05 17:30:09.097477,0 days 00:00:01.437403,2,53,0.025492733861408205,0.12098048980497648,0.14173508253696443,,,,0.0017929715830657326,3,Adam,"[48, 53]",0.025492733861408205,0.12098048980497648,0.14173508253696443,,,,"[1302, 193]","[53, 48]","[48, 386]","[386, 1302]",,,,0.025492733861408205,0.12098048980497648,0.14173508253696443,,,,"[386, 48]","[1302, 386]","[193, 1302]",,,,PRUNED
409,409,0.39914143085479736,2023-04-05 17:30:09.098290,2023-04-05 17:30:09.606020,0 days 00:00:00.507730,2,50,0.01737172956845029,0.13242680108694563,0.1798558142425049,,,,0.0012360364486044594,3,Adam,"[48, 50]",0.01737172956845029,0.13242680108694563,0.1798558142425049,,,,"[1302, 193]","[50, 48]","[48, 386]","[386, 1302]",,,,0.01737172956845029,0.13242680108694563,0.1798558142425049,,,,"[386, 48]","[1302, 386]","[193, 1302]",,,,PRUNED
410,410,0.5023996829986572,2023-04-05 17:30:09.607079,2023-04-05 17:30:09.896063,0 days 00:00:00.288984,2,59,5.1477360870055106e-05,0.08906771175799727,0.2423777619302971,,,,0.004550408890047281,3,Adam,"[48, 59]",5.1477360870055106e-05,0.08906771175799727,0.2423777619302971,,,,"[1302, 193]","[59, 48]","[48, 386]","[386, 1302]",,,,5.1477360870055106e-05,0.08906771175799727,0.2423777619302971,,,,"[386, 48]","[1302, 386]","[193, 1302]",,,,PRUNED
411,411,0.5522937774658203,2023-04-05 17:30:09.897161,2023-04-05 17:30:10.174686,0 days 00:00:00.277525,2,56,0.19169961175270114,0.14862985818670438,0.19697570883297572,,,,0.003242659009839631,3,Adam,"[48, 56]",0.19169961175270114,0.14862985818670438,0.19697570883297572,,,,"[1302, 193]","[56, 48]","[48, 386]","[386, 1302]",,,,0.19169961175270114,0.14862985818670438,0.19697570883297572,,,,"[386, 48]","[1302, 386]","[193, 1302]",,,,PRUNED
412,412,0.502998411655426,2023-04-05 17:30:10.175491,2023-04-05 17:30:10.447742,0 days 00:00:00.272251,2,55,0.051004996205481226,0.09883110221738547,0.12773931030103627,,,,0.0010240189694497265,3,Adagrad,"[48, 55]",0.051004996205481226,0.09883110221738547,0.12773931030103627,,,,"[1302, 193]","[55, 48]","[48, 386]","[386, 1302]",,,,0.051004996205481226,0.09883110221738547,0.12773931030103627,,,,"[386, 48]","[1302, 386]","[193, 1302]",,,,PRUNED
413,413,0.28447431325912476,2023-04-05 17:30:10.448595,2023-04-05 17:30:11.387073,0 days 00:00:00.938478,2,58,0.010066305989585956,0.2943619634594832,0.16054106950882366,,,,0.0014845099539600494,3,Adam,"[48, 58]",0.010066305989585956,0.2943619634594832,0.16054106950882366,,,,"[1302, 193]","[58, 48]","[48, 386]","[386, 1302]",,,,0.010066305989585956,0.2943619634594832,0.16054106950882366,,,,"[386, 48]","[1302, 386]","[193, 1302]",,,,PRUNED
414,414,1.0205283164978027,2023-04-05 17:30:11.387931,2023-04-05 17:30:11.661847,0 days 00:00:00.273916,2,62,0.03449962237169059,0.14232184662072755,0.17263018074146957,,,,0.0017233194384427954,3,SGD,"[48, 62]",0.03449962237169059,0.14232184662072755,0.17263018074146957,,,,"[1302, 193]","[62, 48]","[48, 386]","[386, 1302]",,,,0.03449962237169059,0.14232184662072755,0.17263018074146957,,,,"[386, 48]","[1302, 386]","[193, 1302]",,,,PRUNED
415,415,0.14784382283687592,2023-04-05 17:30:11.662631,2023-04-05 17:30:22.616431,0 days 00:00:10.953800,2,53,0.017841644356189394,0.11582913572088166,0.15529860588590827,,,,0.002599569952234814,3,Adam,"[48, 53]",0.017841644356189394,0.11582913572088166,0.15529860588590827,,,,"[1302, 193]","[53, 48]","[48, 386]","[386, 1302]",,,,0.017841644356189394,0.11582913572088166,0.15529860588590827,,,,"[386, 48]","[1302, 386]","[193, 1302]",,,,COMPLETE
416,416,358.1402587890625,2023-04-05 17:30:22.618743,2023-04-05 17:30:22.892255,0 days 00:00:00.273512,2,54,0.22106765283336974,0.16980187450326495,0.18758717439964703,,,,0.00888724410834587,3,RMSprop,"[48, 54]",0.22106765283336974,0.16980187450326495,0.18758717439964703,,,,"[1302, 193]","[54, 48]","[48, 386]","[386, 1302]",,,,0.22106765283336974,0.16980187450326495,0.18758717439964703,,,,"[386, 48]","[1302, 386]","[193, 1302]",,,,PRUNED
417,417,0.8916225433349609,2023-04-05 17:30:22.893076,2023-04-05 17:30:23.174694,0 days 00:00:00.281618,4,120,0.009641334515002712,0.12636401787752807,0.03640269966207843,,,,7.776013940604139e-05,3,Adam,"[48, 120]",0.009641334515002712,0.12636401787752807,0.03640269966207843,,,,"[1302, 193]","[120, 48]","[48, 386]","[386, 1302]",,,,0.009641334515002712,0.12636401787752807,0.03640269966207843,,,,"[386, 48]","[1302, 386]","[193, 1302]",,,,PRUNED
418,418,0.4750073254108429,2023-04-05 17:30:23.175531,2023-04-05 17:30:23.453749,0 days 00:00:00.278218,2,51,0.10615503748937594,0.4322266849054527,0.08534085711124806,,,,0.001298883714781146,3,Adam,"[48, 51]",0.10615503748937594,0.4322266849054527,0.08534085711124806,,,,"[1302, 193]","[51, 48]","[48, 386]","[386, 1302]",,,,0.10615503748937594,0.4322266849054527,0.08534085711124806,,,,"[386, 48]","[1302, 386]","[193, 1302]",,,,PRUNED
419,419,0.5013280510902405,2023-04-05 17:30:23.454599,2023-04-05 17:30:23.739753,0 days 00:00:00.285154,2,128,0.18520658109675206,0.06933185833066217,0.058871117840363585,,,,0.0009410645346125328,3,Adam,"[48, 128]",0.18520658109675206,0.06933185833066217,0.058871117840363585,,,,"[1302, 193]","[128, 48]","[48, 386]","[386, 1302]",,,,0.18520658109675206,0.06933185833066217,0.058871117840363585,,,,"[386, 48]","[1302, 386]","[193, 1302]",,,,PRUNED
420,420,0.5338500738143921,2023-04-05 17:30:23.740634,2023-04-05 17:30:24.032940,0 days 00:00:00.292306,2,57,0.3662717079501555,0.15275224638139304,0.21217151176217827,,,,0.0020521072514658465,3,Adam,"[48, 57]",0.3662717079501555,0.15275224638139304,0.21217151176217827,,,,"[1302, 193]","[57, 48]","[48, 386]","[386, 1302]",,,,0.3662717079501555,0.15275224638139304,0.21217151176217827,,,,"[386, 48]","[1302, 386]","[193, 1302]",,,,PRUNED
421,421,2.6166346073150635,2023-04-05 17:30:24.033976,2023-04-05 17:30:24.323038,0 days 00:00:00.289062,2,61,0.0002135212552475072,0.1063170735923853,0.014970893571359334,,,,0.010786184821421463,3,Adam,"[48, 61]",0.0002135212552475072,0.1063170735923853,0.014970893571359334,,,,"[1302, 193]","[61, 48]","[48, 386]","[386, 1302]",,,,0.0002135212552475072,0.1063170735923853,0.014970893571359334,,,,"[386, 48]","[1302, 386]","[193, 1302]",,,,PRUNED
422,422,0.5042029619216919,2023-04-05 17:30:24.323864,2023-04-05 17:30:24.618323,0 days 00:00:00.294459,2,59,0.025774829868993886,0.07949611376942478,0.16797711747177274,,,,0.0007402529882831514,3,Adam,"[48, 59]",0.025774829868993886,0.07949611376942478,0.16797711747177274,,,,"[1302, 193]","[59, 48]","[48, 386]","[386, 1302]",,,,0.025774829868993886,0.07949611376942478,0.16797711747177274,,,,"[386, 48]","[1302, 386]","[193, 1302]",,,,PRUNED
423,423,0.6795563697814941,2023-04-05 17:30:24.619127,2023-04-05 17:30:24.898233,0 days 00:00:00.279106,0,48,0.00941439791459658,0.13466167097866438,0.18303896099626524,,,,0.0015360038250490432,3,Adam,"[48, 48]",0.00941439791459658,0.13466167097866438,0.18303896099626524,,,,"[1302, 193]","[48, 48]","[48, 386]","[386, 1302]",,,,0.00941439791459658,0.13466167097866438,0.18303896099626524,,,,"[386, 48]","[1302, 386]","[193, 1302]",,,,PRUNED
424,424,0.3169422149658203,2023-04-05 17:30:24.899089,2023-04-05 17:30:25.611284,0 days 00:00:00.712195,2,78,0.00021404853460346734,0.1823927978751034,0.19936722163655857,,,,0.0011855154065344691,3,Adam,"[48, 78]",0.00021404853460346734,0.1823927978751034,0.19936722163655857,,,,"[1302, 193]","[78, 48]","[48, 386]","[386, 1302]",,,,0.00021404853460346734,0.1823927978751034,0.19936722163655857,,,,"[386, 48]","[1302, 386]","[193, 1302]",,,,PRUNED
425,425,0.47600284218788147,2023-04-05 17:30:25.612091,2023-04-05 17:30:25.902876,0 days 00:00:00.290785,2,56,0.1687124780025766,0.1623935094633127,0.13692568040323572,,,,0.002137779105706868,3,Adam,"[48, 56]",0.1687124780025766,0.1623935094633127,0.13692568040323572,,,,"[1302, 193]","[56, 48]","[48, 386]","[386, 1302]",,,,0.1687124780025766,0.1623935094633127,0.13692568040323572,,,,"[386, 48]","[1302, 386]","[193, 1302]",,,,PRUNED
426,426,0.5303815007209778,2023-04-05 17:30:25.903934,2023-04-05 17:30:26.190831,0 days 00:00:00.286897,2,53,0.06203938923276571,0.11904360310804904,0.10069082572281252,,,,0.0035843592158690037,3,Adam,"[48, 53]",0.06203938923276571,0.11904360310804904,0.10069082572281252,,,,"[1302, 193]","[53, 48]","[48, 386]","[386, 1302]",,,,0.06203938923276571,0.11904360310804904,0.10069082572281252,,,,"[386, 48]","[1302, 386]","[193, 1302]",,,,PRUNED
427,427,0.3700625002384186,2023-04-05 17:30:26.191785,2023-04-05 17:30:26.686647,0 days 00:00:00.494862,2,64,0.01788362434966825,0.14282660877085906,0.17446887952957196,,,,0.002921319086411833,3,Adam,"[48, 64]",0.01788362434966825,0.14282660877085906,0.17446887952957196,,,,"[1302, 193]","[64, 48]","[48, 386]","[386, 1302]",,,,0.01788362434966825,0.14282660877085906,0.17446887952957196,,,,"[386, 48]","[1302, 386]","[193, 1302]",,,,PRUNED
428,428,0.716447651386261,2023-04-05 17:30:26.687474,2023-04-05 17:30:26.980765,0 days 00:00:00.293291,3,117,0.13321281675730723,0.09825890762041788,0.25551072008314135,,,,0.001762462977847566,3,Adam,"[48, 117]",0.13321281675730723,0.09825890762041788,0.25551072008314135,,,,"[1302, 193]","[117, 48]","[48, 386]","[386, 1302]",,,,0.13321281675730723,0.09825890762041788,0.25551072008314135,,,,"[386, 48]","[1302, 386]","[193, 1302]",,,,PRUNED
429,429,0.4459731876850128,2023-04-05 17:30:26.981627,2023-04-05 17:30:27.491758,0 days 00:00:00.510131,2,51,0.02972629652617989,0.13019007246311168,0.15944499243792018,,,,0.0013593065972041488,3,Adam,"[48, 51]",0.02972629652617989,0.13019007246311168,0.15944499243792018,,,,"[1302, 193]","[51, 48]","[48, 386]","[386, 1302]",,,,0.02972629652617989,0.13019007246311168,0.15944499243792018,,,,"[386, 48]","[1302, 386]","[193, 1302]",,,,PRUNED
430,430,0.6259434819221497,2023-04-05 17:30:27.492531,2023-04-05 17:30:27.777569,0 days 00:00:00.285038,1,55,0.3054443962980441,0.15436463895467686,0.2253284974771888,,,,0.005332261627978872,3,Adam,"[48, 55]",0.3054443962980441,0.15436463895467686,0.2253284974771888,,,,"[1302, 193]","[55, 48]","[48, 386]","[386, 1302]",,,,0.3054443962980441,0.15436463895467686,0.2253284974771888,,,,"[386, 48]","[1302, 386]","[193, 1302]",,,,PRUNED
431,431,0.28229764103889465,2023-04-05 17:30:27.778327,2023-04-05 17:30:29.358517,0 days 00:00:01.580190,2,58,0.010787618472609143,0.11177366678064667,0.14931660541345176,,,,0.001051742143205812,3,Adam,"[48, 58]",0.010787618472609143,0.11177366678064667,0.14931660541345176,,,,"[1302, 193]","[58, 48]","[48, 386]","[386, 1302]",,,,0.010787618472609143,0.11177366678064667,0.14931660541345176,,,,"[386, 48]","[1302, 386]","[193, 1302]",,,,PRUNED
432,432,0.24827821552753448,2023-04-05 17:30:29.359248,2023-04-05 17:30:30.944490,0 days 00:00:01.585242,2,60,0.01932404867598248,0.23901812720182689,0.1893970107197965,,,,0.002453653668700808,3,Adam,"[48, 60]",0.01932404867598248,0.23901812720182689,0.1893970107197965,,,,"[1302, 193]","[60, 48]","[48, 386]","[386, 1302]",,,,0.01932404867598248,0.23901812720182689,0.1893970107197965,,,,"[386, 48]","[1302, 386]","[193, 1302]",,,,PRUNED
433,433,0.5719649195671082,2023-04-05 17:30:30.945253,2023-04-05 17:30:31.294371,0 days 00:00:00.349118,5,121,0.0002776847272532424,0.1284699114653143,0.17770743748157575,,,,0.0015887316430074703,3,Adagrad,"[48, 121]",0.0002776847272532424,0.1284699114653143,0.17770743748157575,,,,"[1302, 193]","[121, 48]","[48, 386]","[386, 1302]",,,,0.0002776847272532424,0.1284699114653143,0.17770743748157575,,,,"[386, 48]","[1302, 386]","[193, 1302]",,,,PRUNED
434,434,0.8268635869026184,2023-04-05 17:30:31.295396,2023-04-05 17:30:31.578799,0 days 00:00:00.283403,2,54,0.038699884693242564,0.14301755128899046,0.203049418807701,,,,6.343058174594399e-05,3,Adam,"[48, 54]",0.038699884693242564,0.14301755128899046,0.203049418807701,,,,"[1302, 193]","[54, 48]","[48, 386]","[386, 1302]",,,,0.038699884693242564,0.14301755128899046,0.203049418807701,,,,"[386, 48]","[1302, 386]","[193, 1302]",,,,PRUNED
435,435,0.5691244602203369,2023-04-05 17:30:31.579676,2023-04-05 17:30:31.838889,0 days 00:00:00.259213,2,56,0.009727877511018099,0.26937990200213335,,,,,0.0008800426832978049,2,Adam,"[48, 56]",0.009727877511018099,0.26937990200213335,,,,,"[386, 193]","[56, 48]","[48, 386]",,,,,0.009727877511018099,0.26937990200213335,,,,,"[386, 48]","[193, 386]",,,,,PRUNED
436,436,1.0856893062591553,2023-04-05 17:30:31.839681,2023-04-05 17:30:32.107761,0 days 00:00:00.268080,2,105,0.0244855870489442,0.08813093062929314,0.40943604056295646,,,,0.0011319921841574858,3,SGD,"[48, 105]",0.0244855870489442,0.08813093062929314,0.40943604056295646,,,,"[1302, 193]","[105, 48]","[48, 386]","[386, 1302]",,,,0.0244855870489442,0.08813093062929314,0.40943604056295646,,,,"[386, 48]","[1302, 386]","[193, 1302]",,,,PRUNED
437,437,0.495302677154541,2023-04-05 17:30:32.108543,2023-04-05 17:30:32.401892,0 days 00:00:00.293349,2,123,0.009295595931340437,0.16925994596284216,0.16505765612304535,,,,0.0006770195953648066,3,Adam,"[48, 123]",0.009295595931340437,0.16925994596284216,0.16505765612304535,,,,"[1302, 193]","[123, 48]","[48, 386]","[386, 1302]",,,,0.009295595931340437,0.16925994596284216,0.16505765612304535,,,,"[386, 48]","[1302, 386]","[193, 1302]",,,,PRUNED
438,438,0.3281753361225128,2023-04-05 17:30:32.402694,2023-04-05 17:30:33.127654,0 days 00:00:00.724960,2,52,7.466641028068793e-05,0.12117877885350364,0.18971326845171085,,,,0.0020119477766361144,3,Adam,"[48, 52]",7.466641028068793e-05,0.12117877885350364,0.18971326845171085,,,,"[1302, 193]","[52, 48]","[48, 386]","[386, 1302]",,,,7.466641028068793e-05,0.12117877885350364,0.18971326845171085,,,,"[386, 48]","[1302, 386]","[193, 1302]",,,,PRUNED
439,439,0.5168465375900269,2023-04-05 17:30:33.128430,2023-04-05 17:30:33.425513,0 days 00:00:00.297083,2,67,0.2901149698227631,0.137484450834903,0.17019317964490627,,,,0.0013513292854048784,3,Adam,"[48, 67]",0.2901149698227631,0.137484450834903,0.17019317964490627,,,,"[1302, 193]","[67, 48]","[48, 386]","[386, 1302]",,,,0.2901149698227631,0.137484450834903,0.17019317964490627,,,,"[386, 48]","[1302, 386]","[193, 1302]",,,,PRUNED
440,440,0.4948720633983612,2023-04-05 17:30:33.426334,2023-04-05 17:30:33.706487,0 days 00:00:00.280153,2,58,0.2686172355800376,0.15351834855744276,0.181087478959511,,,,0.0017995141802292153,3,Adam,"[48, 58]",0.2686172355800376,0.15351834855744276,0.181087478959511,,,,"[1302, 193]","[58, 48]","[48, 386]","[386, 1302]",,,,0.2686172355800376,0.15351834855744276,0.181087478959511,,,,"[386, 48]","[1302, 386]","[193, 1302]",,,,PRUNED
441,441,0.49064844846725464,2023-04-05 17:30:33.707348,2023-04-05 17:30:33.988710,0 days 00:00:00.281362,2,72,0.01655384335888455,0.27977353866394955,0.15221363308943467,,,,0.0005171667897884304,3,RMSprop,"[48, 72]",0.01655384335888455,0.27977353866394955,0.15221363308943467,,,,"[1302, 193]","[72, 48]","[48, 386]","[386, 1302]",,,,0.01655384335888455,0.27977353866394955,0.15221363308943467,,,,"[386, 48]","[1302, 386]","[193, 1302]",,,,PRUNED
442,442,0.5271204710006714,2023-04-05 17:30:33.989745,2023-04-05 17:30:34.269591,0 days 00:00:00.279846,2,115,0.3268550626678544,0.10331203025854863,0.1952826113821476,,,,0.0027646570081330864,3,Adam,"[48, 115]",0.3268550626678544,0.10331203025854863,0.1952826113821476,,,,"[1302, 193]","[115, 48]","[48, 386]","[386, 1302]",,,,0.3268550626678544,0.10331203025854863,0.1952826113821476,,,,"[386, 48]","[1302, 386]","[193, 1302]",,,,PRUNED
443,443,0.5302479863166809,2023-04-05 17:30:34.270367,2023-04-05 17:30:34.558039,0 days 00:00:00.287672,2,49,0.11152328933011843,0.11384438450031648,0.2775263447778191,,,,0.0008980869762876529,3,Adam,"[48, 49]",0.11152328933011843,0.11384438450031648,0.2775263447778191,,,,"[1302, 193]","[49, 48]","[48, 386]","[386, 1302]",,,,0.11152328933011843,0.11384438450031648,0.2775263447778191,,,,"[386, 48]","[1302, 386]","[193, 1302]",,,,PRUNED
444,444,0.5598311424255371,2023-04-05 17:30:34.558879,2023-04-05 17:30:34.846288,0 days 00:00:00.287409,2,56,0.4746903410158683,0.05328605391839008,0.14144716712473068,,,,0.001562945438949407,3,Adam,"[48, 56]",0.4746903410158683,0.05328605391839008,0.14144716712473068,,,,"[1302, 193]","[56, 48]","[48, 386]","[386, 1302]",,,,0.4746903410158683,0.05328605391839008,0.14144716712473068,,,,"[386, 48]","[1302, 386]","[193, 1302]",,,,PRUNED
445,445,7.844445705413818,2023-04-05 17:30:34.847103,2023-04-05 17:30:35.138587,0 days 00:00:00.291484,2,54,0.2008094238545919,0.12929573800714497,0.1618384881461998,,,,0.016304568581748457,3,Adam,"[48, 54]",0.2008094238545919,0.12929573800714497,0.1618384881461998,,,,"[1302, 193]","[54, 48]","[48, 386]","[386, 1302]",,,,0.2008094238545919,0.12929573800714497,0.1618384881461998,,,,"[386, 48]","[1302, 386]","[193, 1302]",,,,PRUNED
446,446,0.5491007566452026,2023-04-05 17:30:35.139401,2023-04-05 17:30:35.432090,0 days 00:00:00.292689,4,82,0.0307005960350481,0.1610594164281486,0.3027850966042119,,,,0.0011898191963224246,3,Adam,"[48, 82]",0.0307005960350481,0.1610594164281486,0.3027850966042119,,,,"[1302, 193]","[82, 48]","[48, 386]","[386, 1302]",,,,0.0307005960350481,0.1610594164281486,0.3027850966042119,,,,"[386, 48]","[1302, 386]","[193, 1302]",,,,PRUNED
447,447,0.9919894337654114,2023-04-05 17:30:35.432855,2023-04-05 17:30:35.719740,0 days 00:00:00.286885,2,61,0.3462256646179863,0.3681790977801328,0.2106018275453016,,,,1.1400080899520121e-05,3,Adam,"[48, 61]",0.3462256646179863,0.3681790977801328,0.2106018275453016,,,,"[1302, 193]","[61, 48]","[48, 386]","[386, 1302]",,,,0.3462256646179863,0.3681790977801328,0.2106018275453016,,,,"[386, 48]","[1302, 386]","[193, 1302]",,,,PRUNED
448,448,0.5403221845626831,2023-04-05 17:30:35.720785,2023-04-05 17:30:36.006545,0 days 00:00:00.285760,2,118,0.00884145595998911,0.18772278078614413,0.17692156181916516,,,,0.0038490810159103788,3,Adam,"[48, 118]",0.00884145595998911,0.18772278078614413,0.17692156181916516,,,,"[1302, 193]","[118, 48]","[48, 386]","[386, 1302]",,,,0.00884145595998911,0.18772278078614413,0.17692156181916516,,,,"[386, 48]","[1302, 386]","[193, 1302]",,,,PRUNED
449,449,0.759945809841156,2023-04-05 17:30:36.007408,2023-04-05 17:30:36.288755,0 days 00:00:00.281347,0,57,0.14265737950320725,0.14475603960466707,0.04682591935235003,,,,0.0023259430792138746,3,Adam,"[48, 57]",0.14265737950320725,0.14475603960466707,0.04682591935235003,,,,"[1302, 193]","[57, 48]","[48, 386]","[386, 1302]",,,,0.14265737950320725,0.14475603960466707,0.04682591935235003,,,,"[386, 48]","[1302, 386]","[193, 1302]",,,,PRUNED
450,450,0.4954122304916382,2023-04-05 17:30:36.289773,2023-04-05 17:30:36.580339,0 days 00:00:00.290566,2,51,0.2320894143086186,0.09588971240140018,0.18797774651215016,,,,0.0014071262509429976,3,Adam,"[48, 51]",0.2320894143086186,0.09588971240140018,0.18797774651215016,,,,"[1302, 193]","[51, 48]","[48, 386]","[386, 1302]",,,,0.2320894143086186,0.09588971240140018,0.18797774651215016,,,,"[386, 48]","[1302, 386]","[193, 1302]",,,,PRUNED
451,451,0.1463695466518402,2023-04-05 17:30:36.581209,2023-04-05 17:30:47.554281,0 days 00:00:10.973072,2,59,0.021109429880469165,0.12030866346138841,0.1685091289598347,,,,0.001881447755314288,3,Adam,"[48, 59]",0.021109429880469165,0.12030866346138841,0.1685091289598347,,,,"[1302, 193]","[59, 48]","[48, 386]","[386, 1302]",,,,0.021109429880469165,0.12030866346138841,0.1685091289598347,,,,"[386, 48]","[1302, 386]","[193, 1302]",,,,COMPLETE
452,452,367959.84375,2023-04-05 17:30:47.556294,2023-04-05 17:30:48.211333,0 days 00:00:00.655039,2,54,0.4479351592177656,0.1349833006937899,0.15712317104495144,0.026383152746341176,,,0.08242533220242021,4,Adam,"[48, 54]",0.4479351592177656,0.1349833006937899,0.15712317104495144,0.026383152746341176,,,"[3088, 193]","[54, 48]","[48, 386]","[386, 1302]","[1302, 3088]",,,0.4479351592177656,0.1349833006937899,0.15712317104495144,0.026383152746341176,,,"[386, 48]","[1302, 386]","[3088, 1302]","[193, 3088]",,,PRUNED
453,453,0.38396090269088745,2023-04-05 17:30:48.212264,2023-04-05 17:30:48.711355,0 days 00:00:00.499091,2,112,0.04628182727605748,0.1556189314845625,0.13269875271688647,,,,0.0010352173316570536,3,Adam,"[48, 112]",0.04628182727605748,0.1556189314845625,0.13269875271688647,,,,"[1302, 193]","[112, 48]","[48, 386]","[386, 1302]",,,,0.04628182727605748,0.1556189314845625,0.13269875271688647,,,,"[386, 48]","[1302, 386]","[193, 1302]",,,,PRUNED
