,number,value,datetime_start,datetime_complete,duration,params_activation,params_bottleneck_size,params_dropout_l1,params_dropout_l2,params_dropout_l3,params_dropout_l4,params_dropout_l5,params_dropout_l6,params_lr,params_n_layers,params_optimizer,user_attrs_bottleneck,user_attrs_decoder_dropout1,user_attrs_decoder_dropout2,user_attrs_decoder_dropout3,user_attrs_decoder_dropout4,user_attrs_decoder_dropout5,user_attrs_decoder_dropout6,user_attrs_decoder_final,user_attrs_decoder_layer1,user_attrs_decoder_layer2,user_attrs_decoder_layer3,user_attrs_decoder_layer4,user_attrs_decoder_layer5,user_attrs_decoder_layer6,user_attrs_encoder_dropout1,user_attrs_encoder_dropout2,user_attrs_encoder_dropout3,user_attrs_encoder_dropout4,user_attrs_encoder_dropout5,user_attrs_encoder_dropout6,user_attrs_encoder_layer1,user_attrs_encoder_layer2,user_attrs_encoder_layer3,user_attrs_encoder_layer4,user_attrs_encoder_layer5,user_attrs_encoder_layer6,state
267,267,0.3800930678844452,2023-04-05 17:26:55.625952,2023-04-05 17:26:56.104637,0 days 00:00:00.478685,2,47,0.08745519231886444,0.1553912668144683,0.027609692237856087,,,,0.001340210918791159,3,Adam,"[48, 47]",0.08745519231886444,0.1553912668144683,0.027609692237856087,,,,"[1302, 193]","[47, 48]","[48, 386]","[386, 1302]",,,,0.08745519231886444,0.1553912668144683,0.027609692237856087,,,,"[386, 48]","[1302, 386]","[193, 1302]",,,,PRUNED
268,268,1.569726586341858,2023-04-05 17:26:56.105475,2023-04-05 17:26:56.360314,0 days 00:00:00.254839,2,56,0.00021012396400706216,0.12781866895255478,0.16882164346076586,,,,0.0027059973282403623,3,RMSprop,"[48, 56]",0.00021012396400706216,0.12781866895255478,0.16882164346076586,,,,"[1302, 193]","[56, 48]","[48, 386]","[386, 1302]",,,,0.00021012396400706216,0.12781866895255478,0.16882164346076586,,,,"[386, 48]","[1302, 386]","[193, 1302]",,,,PRUNED
269,269,0.7411221861839294,2023-04-05 17:26:56.361023,2023-04-05 17:26:56.623494,0 days 00:00:00.262471,2,60,0.1584585264547589,0.10301988206082387,0.14783407151134761,,,,0.00012048675762357475,3,Adam,"[48, 60]",0.1584585264547589,0.10301988206082387,0.14783407151134761,,,,"[1302, 193]","[60, 48]","[48, 386]","[386, 1302]",,,,0.1584585264547589,0.10301988206082387,0.14783407151134761,,,,"[386, 48]","[1302, 386]","[193, 1302]",,,,PRUNED
270,270,0.14245063066482544,2023-04-05 17:26:56.624520,2023-04-05 17:27:07.597863,0 days 00:00:10.973343,2,53,0.010588725665014077,0.13950559544435862,0.11607503853579534,,,,0.0020724937181112674,3,Adam,"[48, 53]",0.010588725665014077,0.13950559544435862,0.11607503853579534,,,,"[1302, 193]","[53, 48]","[48, 386]","[386, 1302]",,,,0.010588725665014077,0.13950559544435862,0.11607503853579534,,,,"[386, 48]","[1302, 386]","[193, 1302]",,,,COMPLETE
271,271,0.7326771020889282,2023-04-05 17:27:07.598893,2023-04-05 17:27:07.866397,0 days 00:00:00.267504,2,50,0.025054120014526126,0.11534057070972294,0.1938275019642163,,,,7.034942803167148e-05,3,Adam,"[48, 50]",0.025054120014526126,0.11534057070972294,0.1938275019642163,,,,"[1302, 193]","[50, 48]","[48, 386]","[386, 1302]",,,,0.025054120014526126,0.11534057070972294,0.1938275019642163,,,,"[386, 48]","[1302, 386]","[193, 1302]",,,,PRUNED
272,272,0.46977463364601135,2023-04-05 17:27:07.867224,2023-04-05 17:27:08.196261,0 days 00:00:00.329037,2,56,0.015147748164864631,0.15750214230812665,0.1763339774748764,,,,0.0010605873507908395,3,Adam,"[48, 56]",0.015147748164864631,0.15750214230812665,0.1763339774748764,,,,"[1302, 193]","[56, 48]","[48, 386]","[386, 1302]",,,,0.015147748164864631,0.15750214230812665,0.1763339774748764,,,,"[386, 48]","[1302, 386]","[193, 1302]",,,,PRUNED
273,273,0.9381064176559448,2023-04-05 17:27:08.197278,2023-04-05 17:27:08.461441,0 days 00:00:00.264163,2,53,0.010614004001552099,0.1288138284570876,0.2101802057569539,,,,0.007364190814342906,3,Adam,"[48, 53]",0.010614004001552099,0.1288138284570876,0.2101802057569539,,,,"[1302, 193]","[53, 48]","[48, 386]","[386, 1302]",,,,0.010614004001552099,0.1288138284570876,0.2101802057569539,,,,"[386, 48]","[1302, 386]","[193, 1302]",,,,PRUNED
274,274,0.13057945668697357,2023-04-05 17:27:08.462261,2023-04-05 17:27:19.402857,0 days 00:00:10.940596,2,60,0.0006286863173561785,0.1847685125390288,0.15651179600454806,,,,0.001749157244263826,3,Adam,"[48, 60]",0.0006286863173561785,0.1847685125390288,0.15651179600454806,,,,"[1302, 193]","[60, 48]","[48, 386]","[386, 1302]",,,,0.0006286863173561785,0.1847685125390288,0.15651179600454806,,,,"[386, 48]","[1302, 386]","[193, 1302]",,,,COMPLETE
275,275,0.14056210219860077,2023-04-05 17:27:19.403860,2023-04-05 17:27:30.338339,0 days 00:00:10.934479,2,61,0.007637998237520714,0.18118659538385445,0.13428480043826296,,,,0.0015410476430879829,3,Adam,"[48, 61]",0.007637998237520714,0.18118659538385445,0.13428480043826296,,,,"[1302, 193]","[61, 48]","[48, 386]","[386, 1302]",,,,0.007637998237520714,0.18118659538385445,0.13428480043826296,,,,"[386, 48]","[1302, 386]","[193, 1302]",,,,COMPLETE
276,276,0.9842802286148071,2023-04-05 17:27:30.340196,2023-04-05 17:27:30.605951,0 days 00:00:00.265755,2,58,0.0002869447248784711,0.1880779411162827,0.1559601042006433,,,,1.6053706387946096e-05,3,Adam,"[48, 58]",0.0002869447248784711,0.1880779411162827,0.1559601042006433,,,,"[1302, 193]","[58, 48]","[48, 386]","[386, 1302]",,,,0.0002869447248784711,0.1880779411162827,0.1559601042006433,,,,"[386, 48]","[1302, 386]","[193, 1302]",,,,PRUNED
277,277,0.4914395809173584,2023-04-05 17:27:30.606758,2023-04-05 17:27:30.871424,0 days 00:00:00.264666,2,63,0.12212450757267473,0.11003796444426384,0.14530912784232072,,,,0.0012106731161212472,3,Adam,"[48, 63]",0.12212450757267473,0.11003796444426384,0.14530912784232072,,,,"[1302, 193]","[63, 48]","[48, 386]","[386, 1302]",,,,0.12212450757267473,0.11003796444426384,0.14530912784232072,,,,"[386, 48]","[1302, 386]","[193, 1302]",,,,PRUNED
278,278,7911.2333984375,2023-04-05 17:27:30.872254,2023-04-05 17:27:31.140093,0 days 00:00:00.267839,4,59,0.14967000874906464,0.1706495832150661,0.15962379281314015,,,,0.09916983388890925,3,Adam,"[48, 59]",0.14967000874906464,0.1706495832150661,0.15962379281314015,,,,"[1302, 193]","[59, 48]","[48, 386]","[386, 1302]",,,,0.14967000874906464,0.1706495832150661,0.15962379281314015,,,,"[386, 48]","[1302, 386]","[193, 1302]",,,,PRUNED
279,279,0.4753369688987732,2023-04-05 17:27:31.141123,2023-04-05 17:27:31.407096,0 days 00:00:00.265973,2,55,0.1771194562526104,0.07396465595477131,0.16963720683071065,,,,0.0017051412810473092,3,Adam,"[48, 55]",0.1771194562526104,0.07396465595477131,0.16963720683071065,,,,"[1302, 193]","[55, 48]","[48, 386]","[386, 1302]",,,,0.1771194562526104,0.07396465595477131,0.16963720683071065,,,,"[386, 48]","[1302, 386]","[193, 1302]",,,,PRUNED
280,280,0.7589709162712097,2023-04-05 17:27:31.407962,2023-04-05 17:27:31.701932,0 days 00:00:00.293970,0,57,0.00023599059949037796,0.164209408908632,0.15028860852276174,,,,0.0009024117908040082,3,Adam,"[48, 57]",0.00023599059949037796,0.164209408908632,0.15028860852276174,,,,"[1302, 193]","[57, 48]","[48, 386]","[386, 1302]",,,,0.00023599059949037796,0.164209408908632,0.15028860852276174,,,,"[386, 48]","[1302, 386]","[193, 1302]",,,,PRUNED
281,281,0.28508082032203674,2023-04-05 17:27:31.702949,2023-04-05 17:27:32.627856,0 days 00:00:00.924907,2,61,0.02217981403074712,0.1216325756260567,0.12738108360205613,,,,0.001430489581259933,3,Adam,"[48, 61]",0.02217981403074712,0.1216325756260567,0.12738108360205613,,,,"[1302, 193]","[61, 48]","[48, 386]","[386, 1302]",,,,0.02217981403074712,0.1216325756260567,0.12738108360205613,,,,"[386, 48]","[1302, 386]","[193, 1302]",,,,PRUNED
282,282,0.5192512273788452,2023-04-05 17:27:32.628587,2023-04-05 17:27:32.898967,0 days 00:00:00.270380,2,52,0.2084930537039259,0.13543844405361086,0.0867487250790056,,,,0.0007313859196969618,3,Adam,"[48, 52]",0.2084930537039259,0.13543844405361086,0.0867487250790056,,,,"[1302, 193]","[52, 48]","[48, 386]","[386, 1302]",,,,0.2084930537039259,0.13543844405361086,0.0867487250790056,,,,"[386, 48]","[1302, 386]","[193, 1302]",,,,PRUNED
283,283,0.5087188482284546,2023-04-05 17:27:32.899800,2023-04-05 17:27:33.183355,0 days 00:00:00.283555,2,55,0.04436541728200091,0.09557406054944349,0.043505122035344845,,,,0.0011763355287491748,3,Adam,"[48, 55]",0.04436541728200091,0.09557406054944349,0.043505122035344845,,,,"[1302, 193]","[55, 48]","[48, 386]","[386, 1302]",,,,0.04436541728200091,0.09557406054944349,0.043505122035344845,,,,"[386, 48]","[1302, 386]","[193, 1302]",,,,PRUNED
284,284,0.7054811716079712,2023-04-05 17:27:33.184217,2023-04-05 17:27:33.462733,0 days 00:00:00.278516,3,100,0.031682269719840235,0.15190517254176641,0.16212365509168458,,,,0.0017659644441852728,3,Adam,"[48, 100]",0.031682269719840235,0.15190517254176641,0.16212365509168458,,,,"[1302, 193]","[100, 48]","[48, 386]","[386, 1302]",,,,0.031682269719840235,0.15190517254176641,0.16212365509168458,,,,"[386, 48]","[1302, 386]","[193, 1302]",,,,PRUNED
285,285,0.47969529032707214,2023-04-05 17:27:33.463535,2023-04-05 17:27:33.739139,0 days 00:00:00.275604,2,59,0.018057586589978795,0.18708227314100612,0.009704797512492036,,,,0.0023544727469799517,3,Adagrad,"[48, 59]",0.018057586589978795,0.18708227314100612,0.009704797512492036,,,,"[1302, 193]","[59, 48]","[48, 386]","[386, 1302]",,,,0.018057586589978795,0.18708227314100612,0.009704797512492036,,,,"[386, 48]","[1302, 386]","[193, 1302]",,,,PRUNED
286,286,0.4726066291332245,2023-04-05 17:27:33.739964,2023-04-05 17:27:34.033768,0 days 00:00:00.293804,2,41,0.00954677715767569,0.12535018931402533,0.17675231653944357,,,,0.0009672690380010785,3,Adam,"[48, 41]",0.00954677715767569,0.12535018931402533,0.17675231653944357,,,,"[1302, 193]","[41, 48]","[48, 386]","[386, 1302]",,,,0.00954677715767569,0.12535018931402533,0.17675231653944357,,,,"[386, 48]","[1302, 386]","[193, 1302]",,,,PRUNED
287,287,0.4879484474658966,2023-04-05 17:27:34.034484,2023-04-05 17:27:34.308507,0 days 00:00:00.274023,2,49,0.059549257548203574,0.1408588796038318,0.20137605144709636,,,,0.0029309446586239405,3,Adam,"[48, 49]",0.059549257548203574,0.1408588796038318,0.20137605144709636,,,,"[1302, 193]","[49, 48]","[48, 386]","[386, 1302]",,,,0.059549257548203574,0.1408588796038318,0.20137605144709636,,,,"[386, 48]","[1302, 386]","[193, 1302]",,,,PRUNED
288,288,0.676715612411499,2023-04-05 17:27:34.309604,2023-04-05 17:27:34.583904,0 days 00:00:00.274300,1,54,0.000341758488222077,0.10659233593137837,0.1889491965696106,,,,0.001471293514915548,3,Adam,"[48, 54]",0.000341758488222077,0.10659233593137837,0.1889491965696106,,,,"[1302, 193]","[54, 48]","[48, 386]","[386, 1302]",,,,0.000341758488222077,0.10659233593137837,0.1889491965696106,,,,"[386, 48]","[1302, 386]","[193, 1302]",,,,PRUNED
289,289,0.5497896075248718,2023-04-05 17:27:34.584642,2023-04-05 17:27:34.867275,0 days 00:00:00.282633,2,57,0.018940886297019892,0.029757637108294765,0.14057959629957267,,,,0.0003945579228138052,3,Adam,"[48, 57]",0.018940886297019892,0.029757637108294765,0.14057959629957267,,,,"[1302, 193]","[57, 48]","[48, 386]","[386, 1302]",,,,0.018940886297019892,0.029757637108294765,0.14057959629957267,,,,"[386, 48]","[1302, 386]","[193, 1302]",,,,PRUNED
290,290,1.0197948217391968,2023-04-05 17:27:34.868298,2023-04-05 17:27:35.119884,0 days 00:00:00.251586,2,51,0.026636507719989478,0.11790133582943627,0.1713364235283826,,,,4.9227402990246176e-05,3,SGD,"[48, 51]",0.026636507719989478,0.11790133582943627,0.1713364235283826,,,,"[1302, 193]","[51, 48]","[48, 386]","[386, 1302]",,,,0.026636507719989478,0.11790133582943627,0.1713364235283826,,,,"[386, 48]","[1302, 386]","[193, 1302]",,,,PRUNED
291,291,0.37815290689468384,2023-04-05 17:27:35.120880,2023-04-05 17:27:35.612736,0 days 00:00:00.491856,2,56,0.009546428267773334,0.17431981761488927,0.1538094055794109,,,,0.001847219890745399,3,Adam,"[48, 56]",0.009546428267773334,0.17431981761488927,0.1538094055794109,,,,"[1302, 193]","[56, 48]","[48, 386]","[386, 1302]",,,,0.009546428267773334,0.17431981761488927,0.1538094055794109,,,,"[386, 48]","[1302, 386]","[193, 1302]",,,,PRUNED
292,292,0.5679066181182861,2023-04-05 17:27:35.613473,2023-04-05 17:27:35.870288,0 days 00:00:00.256815,2,60,0.01642840208070314,0.13294612781979281,,,,,0.001212524779570817,2,Adam,"[48, 60]",0.01642840208070314,0.13294612781979281,,,,,"[386, 193]","[60, 48]","[48, 386]",,,,,0.01642840208070314,0.13294612781979281,,,,,"[386, 48]","[193, 386]",,,,,PRUNED
293,293,0.5765866041183472,2023-04-05 17:27:35.871088,2023-04-05 17:27:36.132235,0 days 00:00:00.261147,5,53,0.008476548290740868,0.49142144045012276,0.2139914782512019,,,,0.0002751646483690999,3,RMSprop,"[48, 53]",0.008476548290740868,0.49142144045012276,0.2139914782512019,,,,"[1302, 193]","[53, 48]","[48, 386]","[386, 1302]",,,,0.008476548290740868,0.49142144045012276,0.2139914782512019,,,,"[386, 48]","[1302, 386]","[193, 1302]",,,,PRUNED
294,294,0.7037297487258911,2023-04-05 17:27:36.133343,2023-04-05 17:27:36.410465,0 days 00:00:00.277122,2,58,0.4637742458999574,0.16110352957029744,0.16471236033619252,,,,0.00015816847097826968,3,Adam,"[48, 58]",0.4637742458999574,0.16110352957029744,0.16471236033619252,,,,"[1302, 193]","[58, 48]","[48, 386]","[386, 1302]",,,,0.4637742458999574,0.16110352957029744,0.16471236033619252,,,,"[386, 48]","[1302, 386]","[193, 1302]",,,,PRUNED
295,295,1.0587844848632812,2023-04-05 17:27:36.411235,2023-04-05 17:27:36.698481,0 days 00:00:00.287246,2,63,1.008010184670987e-05,0.4553247668387621,0.18112254801686764,,,,1.0382996074993901e-05,3,Adam,"[48, 63]",1.008010184670987e-05,0.4553247668387621,0.18112254801686764,,,,"[1302, 193]","[63, 48]","[48, 386]","[386, 1302]",,,,1.008010184670987e-05,0.4553247668387621,0.18112254801686764,,,,"[386, 48]","[1302, 386]","[193, 1302]",,,,PRUNED
296,296,0.3825230896472931,2023-04-05 17:27:36.699242,2023-04-05 17:27:37.208543,0 days 00:00:00.509301,2,55,0.03903683309828867,0.1469630439497859,0.19329656425095973,,,,0.0007533953756799507,3,Adam,"[48, 55]",0.03903683309828867,0.1469630439497859,0.19329656425095973,,,,"[1302, 193]","[55, 48]","[48, 386]","[386, 1302]",,,,0.03903683309828867,0.1469630439497859,0.19329656425095973,,,,"[386, 48]","[1302, 386]","[193, 1302]",,,,PRUNED
297,297,0.9982880353927612,2023-04-05 17:27:37.209633,2023-04-05 17:27:37.847762,0 days 00:00:00.638129,2,48,0.07626507574728256,0.3151225749199109,0.17037128630588752,0.22563469935070202,,,0.0023681765262141418,4,Adam,"[48, 48]",0.07626507574728256,0.3151225749199109,0.17037128630588752,0.22563469935070202,,,"[3088, 193]","[48, 48]","[48, 386]","[386, 1302]","[1302, 3088]",,,0.07626507574728256,0.3151225749199109,0.17037128630588752,0.22563469935070202,,,"[386, 48]","[1302, 386]","[3088, 1302]","[193, 3088]",,,PRUNED
298,298,0.49188193678855896,2023-04-05 17:27:37.848782,2023-04-05 17:27:38.121208,0 days 00:00:00.272426,2,53,0.13785429599617186,0.13689693077328574,0.15815280583213734,,,,0.003588566724207481,3,Adam,"[48, 53]",0.13785429599617186,0.13689693077328574,0.15815280583213734,,,,"[1302, 193]","[53, 48]","[48, 386]","[386, 1302]",,,,0.13785429599617186,0.13689693077328574,0.15815280583213734,,,,"[386, 48]","[1302, 386]","[193, 1302]",,,,PRUNED
299,299,0.46731361746788025,2023-04-05 17:27:38.122188,2023-04-05 17:27:38.395774,0 days 00:00:00.273586,2,51,0.027853228355448446,0.1167577493177582,0.1836740726620759,,,,0.001426191882478853,3,Adam,"[48, 51]",0.027853228355448446,0.1167577493177582,0.1836740726620759,,,,"[1302, 193]","[51, 48]","[48, 386]","[386, 1302]",,,,0.027853228355448446,0.1167577493177582,0.1836740726620759,,,,"[386, 48]","[1302, 386]","[193, 1302]",,,,PRUNED
300,300,0.5156790614128113,2023-04-05 17:27:38.396511,2023-04-05 17:27:38.679875,0 days 00:00:00.283364,2,57,0.016923985765213964,0.15532289552127615,0.2036424530404729,,,,0.0009748080857011425,3,Adam,"[48, 57]",0.016923985765213964,0.15532289552127615,0.2036424530404729,,,,"[1302, 193]","[57, 48]","[48, 386]","[386, 1302]",,,,0.016923985765213964,0.15532289552127615,0.2036424530404729,,,,"[386, 48]","[1302, 386]","[193, 1302]",,,,PRUNED
301,301,0.14310340583324432,2023-04-05 17:27:38.680646,2023-04-05 17:27:49.580087,0 days 00:00:10.899441,2,55,0.00816358026947739,0.13013945592924733,0.14391207372978151,,,,0.0018601487183750902,3,Adam,"[48, 55]",0.00816358026947739,0.13013945592924733,0.14391207372978151,,,,"[1302, 193]","[55, 48]","[48, 386]","[386, 1302]",,,,0.00816358026947739,0.13013945592924733,0.14391207372978151,,,,"[386, 48]","[1302, 386]","[193, 1302]",,,,COMPLETE
302,302,0.39078107476234436,2023-04-05 17:27:49.581157,2023-04-05 17:27:50.079284,0 days 00:00:00.498127,2,58,0.00023996600855069004,0.10619340598340568,0.1768660030220714,,,,0.0005893446142342309,3,Adam,"[48, 58]",0.00023996600855069004,0.10619340598340568,0.1768660030220714,,,,"[1302, 193]","[58, 48]","[48, 386]","[386, 1302]",,,,0.00023996600855069004,0.10619340598340568,0.1768660030220714,,,,"[386, 48]","[1302, 386]","[193, 1302]",,,,PRUNED
303,303,0.48907142877578735,2023-04-05 17:27:50.080360,2023-04-05 17:27:50.364522,0 days 00:00:00.284162,2,60,0.12979299951613,0.14300080561694317,0.16415965951012787,,,,0.001198772027777768,3,Adam,"[48, 60]",0.12979299951613,0.14300080561694317,0.16415965951012787,,,,"[1302, 193]","[60, 48]","[48, 386]","[386, 1302]",,,,0.12979299951613,0.14300080561694317,0.16415965951012787,,,,"[386, 48]","[1302, 386]","[193, 1302]",,,,PRUNED
304,304,0.47486039996147156,2023-04-05 17:27:50.365527,2023-04-05 17:27:50.646490,0 days 00:00:00.280963,2,53,0.1704761286344775,0.16892661501866715,0.18920967749478101,,,,0.0015750064037238704,3,Adam,"[48, 53]",0.1704761286344775,0.16892661501866715,0.18920967749478101,,,,"[1302, 193]","[53, 48]","[48, 386]","[386, 1302]",,,,0.1704761286344775,0.16892661501866715,0.18920967749478101,,,,"[386, 48]","[1302, 386]","[193, 1302]",,,,PRUNED
305,305,0.47690701484680176,2023-04-05 17:27:50.647241,2023-04-05 17:27:50.920039,0 days 00:00:00.272798,2,50,0.017822504848015105,0.08472217032337415,0.11871154594525694,,,,0.0021551628281278085,3,Adam,"[48, 50]",0.017822504848015105,0.08472217032337415,0.11871154594525694,,,,"[1302, 193]","[50, 48]","[48, 386]","[386, 1302]",,,,0.017822504848015105,0.08472217032337415,0.11871154594525694,,,,"[386, 48]","[1302, 386]","[193, 1302]",,,,PRUNED
306,306,0.9996176362037659,2023-04-05 17:27:50.920860,2023-04-05 17:27:51.204605,0 days 00:00:00.283745,4,56,7.706991618633419e-05,0.12078767672354154,0.21967307344582698,,,,2.859282331536063e-05,3,Adam,"[48, 56]",7.706991618633419e-05,0.12078767672354154,0.21967307344582698,,,,"[1302, 193]","[56, 48]","[48, 386]","[386, 1302]",,,,7.706991618633419e-05,0.12078767672354154,0.21967307344582698,,,,"[386, 48]","[1302, 386]","[193, 1302]",,,,PRUNED
307,307,0.5017702579498291,2023-04-05 17:27:51.205374,2023-04-05 17:27:51.479283,0 days 00:00:00.273909,2,59,0.03006364841422202,0.15141897901932516,0.13660787777288114,,,,0.0027274906848050416,3,Adam,"[48, 59]",0.03006364841422202,0.15141897901932516,0.13660787777288114,,,,"[1302, 193]","[59, 48]","[48, 386]","[386, 1302]",,,,0.03006364841422202,0.15141897901932516,0.13660787777288114,,,,"[386, 48]","[1302, 386]","[193, 1302]",,,,PRUNED
308,308,0.48841044306755066,2023-04-05 17:27:51.480193,2023-04-05 17:27:51.758723,0 days 00:00:00.278530,2,93,0.19768133048380243,0.12764577006890304,0.15334959622546163,,,,0.001024187135641105,3,Adam,"[48, 93]",0.19768133048380243,0.12764577006890304,0.15334959622546163,,,,"[1302, 193]","[93, 48]","[48, 386]","[386, 1302]",,,,0.19768133048380243,0.12764577006890304,0.15334959622546163,,,,"[386, 48]","[1302, 386]","[193, 1302]",,,,PRUNED
309,309,0.6974509358406067,2023-04-05 17:27:51.759475,2023-04-05 17:27:52.038320,0 days 00:00:00.278845,0,66,0.010420269560775693,0.0974263778981273,0.19958940659008917,,,,0.0008283502402528975,3,Adam,"[48, 66]",0.010420269560775693,0.0974263778981273,0.19958940659008917,,,,"[1302, 193]","[66, 48]","[48, 386]","[386, 1302]",,,,0.010420269560775693,0.0974263778981273,0.19958940659008917,,,,"[386, 48]","[1302, 386]","[193, 1302]",,,,PRUNED
310,310,0.5555629134178162,2023-04-05 17:27:52.039070,2023-04-05 17:27:52.304647,0 days 00:00:00.265577,2,98,0.24306713633401164,0.11153330055574304,0.17503582538397963,,,,0.0013350838892129374,3,Adagrad,"[48, 98]",0.24306713633401164,0.11153330055574304,0.17503582538397963,,,,"[1302, 193]","[98, 48]","[48, 386]","[386, 1302]",,,,0.24306713633401164,0.11153330055574304,0.17503582538397963,,,,"[386, 48]","[1302, 386]","[193, 1302]",,,,PRUNED
311,311,0.38278883695602417,2023-04-05 17:27:52.305556,2023-04-05 17:27:52.871670,0 days 00:00:00.566114,2,62,0.019858170830093475,0.19286183046805466,0.18471387541921022,,,,0.0016808778494543037,3,Adam,"[48, 62]",0.019858170830093475,0.19286183046805466,0.18471387541921022,,,,"[1302, 193]","[62, 48]","[48, 386]","[386, 1302]",,,,0.019858170830093475,0.19286183046805466,0.18471387541921022,,,,"[386, 48]","[1302, 386]","[193, 1302]",,,,PRUNED
312,312,0.5913538932800293,2023-04-05 17:27:52.872445,2023-04-05 17:27:53.148268,0 days 00:00:00.275823,2,116,0.2327337593247536,0.13867333968113613,0.16789360055625557,,,,0.0003184664061009079,3,Adam,"[48, 116]",0.2327337593247536,0.13867333968113613,0.16789360055625557,,,,"[1302, 193]","[116, 48]","[48, 386]","[386, 1302]",,,,0.2327337593247536,0.13867333968113613,0.16789360055625557,,,,"[386, 48]","[1302, 386]","[193, 1302]",,,,PRUNED
313,313,1051.735107421875,2023-04-05 17:27:53.149041,2023-04-05 17:27:53.428495,0 days 00:00:00.279454,2,54,0.3046272284817332,0.16438474294078878,0.1930359558884566,,,,0.036034700678886124,3,Adam,"[48, 54]",0.3046272284817332,0.16438474294078878,0.1930359558884566,,,,"[1302, 193]","[54, 48]","[48, 386]","[386, 1302]",,,,0.3046272284817332,0.16438474294078878,0.1930359558884566,,,,"[386, 48]","[1302, 386]","[193, 1302]",,,,PRUNED
