,number,value,datetime_start,datetime_complete,duration,params_activation,params_bottleneck_size,params_dropout_l1,params_dropout_l2,params_dropout_l3,params_dropout_l4,params_dropout_l5,params_dropout_l6,params_lr,params_n_layers,params_optimizer,user_attrs_bottleneck,user_attrs_decoder_dropout1,user_attrs_decoder_dropout2,user_attrs_decoder_dropout3,user_attrs_decoder_dropout4,user_attrs_decoder_dropout5,user_attrs_decoder_dropout6,user_attrs_decoder_final,user_attrs_decoder_layer1,user_attrs_decoder_layer2,user_attrs_decoder_layer3,user_attrs_decoder_layer4,user_attrs_decoder_layer5,user_attrs_decoder_layer6,user_attrs_encoder_dropout1,user_attrs_encoder_dropout2,user_attrs_encoder_dropout3,user_attrs_encoder_dropout4,user_attrs_encoder_dropout5,user_attrs_encoder_dropout6,user_attrs_encoder_layer1,user_attrs_encoder_layer2,user_attrs_encoder_layer3,user_attrs_encoder_layer4,user_attrs_encoder_layer5,user_attrs_encoder_layer6,state
454,454,0.5088018774986267,2023-04-05 17:30:48.712183,2023-04-05 17:30:49.005002,0 days 00:00:00.292819,2,62,0.009406950539016268,0.17406162081562762,0.19848913519239494,,,,0.0007723312798371847,3,Adam,"[48, 62]",0.009406950539016268,0.17406162081562762,0.19848913519239494,,,,"[1302, 193]","[62, 48]","[48, 386]","[386, 1302]",,,,0.009406950539016268,0.17406162081562762,0.19848913519239494,,,,"[386, 48]","[1302, 386]","[193, 1302]",,,,PRUNED
455,455,0.6873059272766113,2023-04-05 17:30:49.005809,2023-04-05 17:30:49.299245,0 days 00:00:00.293436,3,56,0.27392169294726504,0.10741983009463368,0.02563621972529051,,,,0.0016664906525205787,3,Adam,"[48, 56]",0.27392169294726504,0.10741983009463368,0.02563621972529051,,,,"[1302, 193]","[56, 48]","[48, 386]","[386, 1302]",,,,0.27392169294726504,0.10741983009463368,0.02563621972529051,,,,"[386, 48]","[1302, 386]","[193, 1302]",,,,PRUNED
456,456,0.1292344033718109,2023-04-05 17:30:49.301434,2023-04-05 17:31:00.255250,0 days 00:00:10.953816,2,52,0.00037025009058864745,0.08354778533316712,0.1228891819590077,,,,0.002166656130392041,3,Adam,"[48, 52]",0.00037025009058864745,0.08354778533316712,0.1228891819590077,,,,"[1302, 193]","[52, 48]","[48, 386]","[386, 1302]",,,,0.00037025009058864745,0.08354778533316712,0.1228891819590077,,,,"[386, 48]","[1302, 386]","[193, 1302]",,,,COMPLETE
457,457,0.4865519106388092,2023-04-05 17:31:00.256526,2023-04-05 17:31:00.544205,0 days 00:00:00.287679,2,49,0.008240170815640914,0.07352198703350568,0.1204806489579128,,,,0.0031501986708341086,3,Adam,"[48, 49]",0.008240170815640914,0.07352198703350568,0.1204806489579128,,,,"[1302, 193]","[49, 48]","[48, 386]","[386, 1302]",,,,0.008240170815640914,0.07352198703350568,0.1204806489579128,,,,"[386, 48]","[1302, 386]","[193, 1302]",,,,PRUNED
458,458,0.613588273525238,2023-04-05 17:31:00.545257,2023-04-05 17:31:00.840633,0 days 00:00:00.295376,1,52,0.0011484226672210597,0.08929481637469229,0.10437768341784028,,,,0.0023079841530862237,3,Adam,"[48, 52]",0.0011484226672210597,0.08929481637469229,0.10437768341784028,,,,"[1302, 193]","[52, 48]","[48, 386]","[386, 1302]",,,,0.0011484226672210597,0.08929481637469229,0.10437768341784028,,,,"[386, 48]","[1302, 386]","[193, 1302]",,,,PRUNED
459,459,0.9537806510925293,2023-04-05 17:31:00.841402,2023-04-05 17:31:01.130045,0 days 00:00:00.288643,2,46,0.0176786715355673,0.06851797944410926,0.10950041451445602,,,,3.928326114855623e-05,3,Adagrad,"[48, 46]",0.0176786715355673,0.06851797944410926,0.10950041451445602,,,,"[1302, 193]","[46, 48]","[48, 386]","[386, 1302]",,,,0.0176786715355673,0.06851797944410926,0.10950041451445602,,,,"[386, 48]","[1302, 386]","[193, 1302]",,,,PRUNED
460,460,0.32378533482551575,2023-04-05 17:31:01.130875,2023-04-05 17:31:01.851664,0 days 00:00:00.720789,2,53,0.09153725080220797,0.08426179557181042,0.1253530212740018,,,,0.0021461976931691205,3,Adam,"[48, 53]",0.09153725080220797,0.08426179557181042,0.1253530212740018,,,,"[1302, 193]","[53, 48]","[48, 386]","[386, 1302]",,,,0.09153725080220797,0.08426179557181042,0.1253530212740018,,,,"[386, 48]","[1302, 386]","[193, 1302]",,,,PRUNED
461,461,5.830711364746094,2023-04-05 17:31:01.852455,2023-04-05 17:31:02.131390,0 days 00:00:00.278935,5,51,0.008714952763720824,0.0948142723849314,0.0746627626428162,,,,0.024746480531336785,3,Adam,"[48, 51]",0.008714952763720824,0.0948142723849314,0.0746627626428162,,,,"[1302, 193]","[51, 48]","[48, 386]","[386, 1302]",,,,0.008714952763720824,0.0948142723849314,0.0746627626428162,,,,"[386, 48]","[1302, 386]","[193, 1302]",,,,PRUNED
462,462,0.7831379175186157,2023-04-05 17:31:02.132440,2023-04-05 17:31:13.095763,0 days 00:00:10.963323,2,100,0.0004619523522824808,0.06023633000810491,0.3151978363902484,,,,0.0026437290373076427,3,Adam,"[48, 100]",0.0004619523522824808,0.06023633000810491,0.3151978363902484,,,,"[1302, 193]","[100, 48]","[48, 386]","[386, 1302]",,,,0.0004619523522824808,0.06023633000810491,0.3151978363902484,,,,"[386, 48]","[1302, 386]","[193, 1302]",,,,COMPLETE
463,463,0.48034918308258057,2023-04-05 17:31:13.096856,2023-04-05 17:31:13.391185,0 days 00:00:00.294329,2,54,0.021202941507642455,0.20140874092615943,0.13247202046555193,,,,0.00201947021950481,3,Adam,"[48, 54]",0.021202941507642455,0.20140874092615943,0.13247202046555193,,,,"[1302, 193]","[54, 48]","[48, 386]","[386, 1302]",,,,0.021202941507642455,0.20140874092615943,0.13247202046555193,,,,"[386, 48]","[1302, 386]","[193, 1302]",,,,PRUNED
464,464,0.5328823328018188,2023-04-05 17:31:13.392156,2023-04-05 17:31:13.681217,0 days 00:00:00.289061,2,58,0.03259313136755446,0.07863481276066428,0.14480099693941006,,,,0.0041232593448090205,3,Adam,"[48, 58]",0.03259313136755446,0.07863481276066428,0.14480099693941006,,,,"[1302, 193]","[58, 48]","[48, 386]","[386, 1302]",,,,0.03259313136755446,0.07863481276066428,0.14480099693941006,,,,"[386, 48]","[1302, 386]","[193, 1302]",,,,PRUNED
465,465,1.0400208234786987,2023-04-05 17:31:13.682395,2023-04-05 17:31:13.968316,0 days 00:00:00.285921,2,55,1.7112754906050467e-05,0.14781311885447027,0.23411519145282245,,,,0.002906480999119466,3,SGD,"[48, 55]",1.7112754906050467e-05,0.14781311885447027,0.23411519145282245,,,,"[1302, 193]","[55, 48]","[48, 386]","[386, 1302]",,,,1.7112754906050467e-05,0.14781311885447027,0.23411519145282245,,,,"[386, 48]","[1302, 386]","[193, 1302]",,,,PRUNED
466,466,0.7782524824142456,2023-04-05 17:31:13.969133,2023-04-05 17:31:14.256065,0 days 00:00:00.286932,2,50,0.015571769451686866,0.16458241350636293,0.1834631281021612,,,,7.662462435885576e-05,3,Adam,"[48, 50]",0.015571769451686866,0.16458241350636293,0.1834631281021612,,,,"[1302, 193]","[50, 48]","[48, 386]","[386, 1302]",,,,0.015571769451686866,0.16458241350636293,0.1834631281021612,,,,"[386, 48]","[1302, 386]","[193, 1302]",,,,PRUNED
467,467,0.5091713070869446,2023-04-05 17:31:14.256937,2023-04-05 17:31:14.552607,0 days 00:00:00.295670,2,47,0.3761694498816124,0.04167955776092819,0.08764482993205538,,,,0.001695757778708992,3,Adam,"[48, 47]",0.3761694498816124,0.04167955776092819,0.08764482993205538,,,,"[1302, 193]","[47, 48]","[48, 386]","[386, 1302]",,,,0.3761694498816124,0.04167955776092819,0.08764482993205538,,,,"[386, 48]","[1302, 386]","[193, 1302]",,,,PRUNED
468,468,1.2904263734817505,2023-04-05 17:31:14.553408,2023-04-05 17:31:14.830797,0 days 00:00:00.277389,2,52,0.05453213503889517,0.2607299335989922,0.07419241849635992,,,,0.0023852774859168327,3,RMSprop,"[48, 52]",0.05453213503889517,0.2607299335989922,0.07419241849635992,,,,"[1302, 193]","[52, 48]","[48, 386]","[386, 1302]",,,,0.05453213503889517,0.2607299335989922,0.07419241849635992,,,,"[386, 48]","[1302, 386]","[193, 1302]",,,,PRUNED
469,469,0.4748993217945099,2023-04-05 17:31:14.831590,2023-04-05 17:31:15.126154,0 days 00:00:00.294564,2,60,0.0001040391069678289,0.21818174904472,0.21753902458544588,,,,0.0014168522129544782,3,Adam,"[48, 60]",0.0001040391069678289,0.21818174904472,0.21753902458544588,,,,"[1302, 193]","[60, 48]","[48, 386]","[386, 1302]",,,,0.0001040391069678289,0.21818174904472,0.21753902458544588,,,,"[386, 48]","[1302, 386]","[193, 1302]",,,,PRUNED
470,470,0.7880401611328125,2023-04-05 17:31:15.126985,2023-04-05 17:31:15.783921,0 days 00:00:00.656936,2,57,0.015103629641749966,0.10185693415127105,0.1131457098439112,0.18612085667053874,,,0.0019761623027898497,4,Adam,"[48, 57]",0.015103629641749966,0.10185693415127105,0.1131457098439112,0.18612085667053874,,,"[3088, 193]","[57, 48]","[48, 386]","[386, 1302]","[1302, 3088]",,,0.015103629641749966,0.10185693415127105,0.1131457098439112,0.18612085667053874,,,"[386, 48]","[1302, 386]","[3088, 1302]","[193, 3088]",,,PRUNED
471,471,0.557639479637146,2023-04-05 17:31:15.785057,2023-04-05 17:31:16.078254,0 days 00:00:00.293197,2,91,0.24050400155361565,0.005231013295347198,0.10134698988280266,,,,0.0006021594168668895,3,Adam,"[48, 91]",0.24050400155361565,0.005231013295347198,0.10134698988280266,,,,"[1302, 193]","[91, 48]","[48, 386]","[386, 1302]",,,,0.24050400155361565,0.005231013295347198,0.10134698988280266,,,,"[386, 48]","[1302, 386]","[193, 1302]",,,,PRUNED
472,472,0.6083294749259949,2023-04-05 17:31:16.079065,2023-04-05 17:31:16.377876,0 days 00:00:00.298811,2,63,0.4966623195762798,0.11650957976177903,0.20327195912954896,,,,0.00032292048450739805,3,Adam,"[48, 63]",0.4966623195762798,0.11650957976177903,0.20327195912954896,,,,"[1302, 193]","[63, 48]","[48, 386]","[386, 1302]",,,,0.4966623195762798,0.11650957976177903,0.20327195912954896,,,,"[386, 48]","[1302, 386]","[193, 1302]",,,,PRUNED
473,473,0.500886857509613,2023-04-05 17:31:16.378973,2023-04-05 17:31:16.658635,0 days 00:00:00.279662,4,55,0.025391380569173973,0.08237593659563465,0.09517480311602214,,,,0.0013212486578480056,3,Adam,"[48, 55]",0.025391380569173973,0.08237593659563465,0.09517480311602214,,,,"[1302, 193]","[55, 48]","[48, 386]","[386, 1302]",,,,0.025391380569173973,0.08237593659563465,0.09517480311602214,,,,"[386, 48]","[1302, 386]","[193, 1302]",,,,PRUNED
474,474,0.1245601549744606,2023-04-05 17:31:16.659517,2023-04-05 17:31:27.644462,0 days 00:00:10.984945,2,53,0.010739836514414128,0.037617797253446286,0.12410577953902158,,,,0.0016482611394794404,3,Adam,"[48, 53]",0.010739836514414128,0.037617797253446286,0.12410577953902158,,,,"[1302, 193]","[53, 48]","[48, 386]","[386, 1302]",,,,0.010739836514414128,0.037617797253446286,0.12410577953902158,,,,"[386, 48]","[1302, 386]","[193, 1302]",,,,COMPLETE
475,475,3.2018492221832275,2023-04-05 17:31:27.645573,2023-04-05 17:31:27.953464,0 days 00:00:00.307891,2,53,0.009411758550423796,0.02555718718607363,0.12213229456488375,,,,0.0135030007170922,3,Adam,"[48, 53]",0.009411758550423796,0.02555718718607363,0.12213229456488375,,,,"[1302, 193]","[53, 48]","[48, 386]","[386, 1302]",,,,0.009411758550423796,0.02555718718607363,0.12213229456488375,,,,"[386, 48]","[1302, 386]","[193, 1302]",,,,PRUNED
476,476,11.427026748657227,2023-04-05 17:31:27.954390,2023-04-05 17:31:28.203894,0 days 00:00:00.249504,2,51,0.08372817549715646,0.05892251447515211,,,,,0.06596320344748703,2,Adam,"[48, 51]",0.08372817549715646,0.05892251447515211,,,,,"[386, 193]","[51, 48]","[48, 386]",,,,,0.08372817549715646,0.05892251447515211,,,,,"[386, 48]","[193, 386]",,,,,PRUNED
477,477,0.29414111375808716,2023-04-05 17:31:28.204857,2023-04-05 17:31:29.207904,0 days 00:00:01.003047,2,54,0.04279349894571471,0.024934005256650366,0.13243471450743555,,,,0.0017569720192005618,3,Adam,"[48, 54]",0.04279349894571471,0.024934005256650366,0.13243471450743555,,,,"[1302, 193]","[54, 48]","[48, 386]","[386, 1302]",,,,0.04279349894571471,0.024934005256650366,0.13243471450743555,,,,"[386, 48]","[1302, 386]","[193, 1302]",,,,PRUNED
478,478,0.7014169692993164,2023-04-05 17:31:29.208732,2023-04-05 17:31:29.506505,0 days 00:00:00.297773,0,86,0.20363819493303284,0.030992379570850697,0.10859038688157108,,,,0.002231800895186967,3,Adam,"[48, 86]",0.20363819493303284,0.030992379570850697,0.10859038688157108,,,,"[1302, 193]","[86, 48]","[48, 386]","[386, 1302]",,,,0.20363819493303284,0.030992379570850697,0.10859038688157108,,,,"[386, 48]","[1302, 386]","[193, 1302]",,,,PRUNED
479,479,0.5085965394973755,2023-04-05 17:31:29.507317,2023-04-05 17:31:29.797702,0 days 00:00:00.290385,2,48,0.00019112384605992488,0.042017100724511716,0.12840562204890343,,,,0.003325558945629051,3,Adam,"[48, 48]",0.00019112384605992488,0.042017100724511716,0.12840562204890343,,,,"[1302, 193]","[48, 48]","[48, 386]","[386, 1302]",,,,0.00019112384605992488,0.042017100724511716,0.12840562204890343,,,,"[386, 48]","[1302, 386]","[193, 1302]",,,,PRUNED
480,480,0.9741544127464294,2023-04-05 17:31:29.798569,2023-04-05 17:31:30.087712,0 days 00:00:00.289143,2,56,0.4208954086390031,0.04736109983241977,0.11434094911774692,,,,3.067879898970611e-05,3,Adam,"[48, 56]",0.4208954086390031,0.04736109983241977,0.11434094911774692,,,,"[1302, 193]","[56, 48]","[48, 386]","[386, 1302]",,,,0.4208954086390031,0.04736109983241977,0.11434094911774692,,,,"[386, 48]","[1302, 386]","[193, 1302]",,,,PRUNED
481,481,0.3708709180355072,2023-04-05 17:31:30.088494,2023-04-05 17:31:30.593693,0 days 00:00:00.505199,2,52,0.11786127289516167,0.007573355017865966,0.12007194436562954,,,,0.0016635721206258722,3,Adam,"[48, 52]",0.11786127289516167,0.007573355017865966,0.12007194436562954,,,,"[1302, 193]","[52, 48]","[48, 386]","[386, 1302]",,,,0.11786127289516167,0.007573355017865966,0.12007194436562954,,,,"[386, 48]","[1302, 386]","[193, 1302]",,,,PRUNED
482,482,0.23469802737236023,2023-04-05 17:31:30.594628,2023-04-05 17:31:34.792887,0 days 00:00:04.198259,2,58,0.02449716512431185,0.06965486634468303,0.19170935001176798,,,,0.002621805585219744,3,Adam,"[48, 58]",0.02449716512431185,0.06965486634468303,0.19170935001176798,,,,"[1302, 193]","[58, 48]","[48, 386]","[386, 1302]",,,,0.02449716512431185,0.06965486634468303,0.19170935001176798,,,,"[386, 48]","[1302, 386]","[193, 1302]",,,,PRUNED
483,483,0.37544211745262146,2023-04-05 17:31:34.793746,2023-04-05 17:31:35.303150,0 days 00:00:00.509404,2,50,0.16072276586057588,0.01494809643346743,0.17416491390988792,,,,0.0019028656649614768,3,Adam,"[48, 50]",0.16072276586057588,0.01494809643346743,0.17416491390988792,,,,"[1302, 193]","[50, 48]","[48, 386]","[386, 1302]",,,,0.16072276586057588,0.01494809643346743,0.17416491390988792,,,,"[386, 48]","[1302, 386]","[193, 1302]",,,,PRUNED
484,484,0.4636465311050415,2023-04-05 17:31:35.304006,2023-04-05 17:31:35.601172,0 days 00:00:00.297166,2,55,0.18198364001214648,0.04012342803378415,0.1424382048010339,,,,0.0015076913543488049,3,Adam,"[48, 55]",0.18198364001214648,0.04012342803378415,0.1424382048010339,,,,"[1302, 193]","[55, 48]","[48, 386]","[386, 1302]",,,,0.18198364001214648,0.04012342803378415,0.1424382048010339,,,,"[386, 48]","[1302, 386]","[193, 1302]",,,,PRUNED
485,485,0.7068590521812439,2023-04-05 17:31:35.602175,2023-04-05 17:31:35.881849,0 days 00:00:00.279674,3,53,0.17918964520005043,0.05717789549821824,0.20773773506746487,,,,0.0020928546713319205,3,Adagrad,"[48, 53]",0.17918964520005043,0.05717789549821824,0.20773773506746487,,,,"[1302, 193]","[53, 48]","[48, 386]","[386, 1302]",,,,0.17918964520005043,0.05717789549821824,0.20773773506746487,,,,"[386, 48]","[1302, 386]","[193, 1302]",,,,PRUNED
486,486,0.6535606384277344,2023-04-05 17:31:35.882808,2023-04-05 17:31:36.176354,0 days 00:00:00.293546,1,60,0.008870019267655866,0.10852154312530272,0.1828090140729978,,,,0.0026751339672945102,3,Adam,"[48, 60]",0.008870019267655866,0.10852154312530272,0.1828090140729978,,,,"[1302, 193]","[60, 48]","[48, 386]","[386, 1302]",,,,0.008870019267655866,0.10852154312530272,0.1828090140729978,,,,"[386, 48]","[1302, 386]","[193, 1302]",,,,PRUNED
487,487,0.9983981847763062,2023-04-05 17:31:36.177240,2023-04-05 17:31:44.835048,0 days 00:00:08.657808,2,56,0.01587049496175006,0.030468169383282756,0.19290260478962676,0.26130921792816353,0.35131376864765906,0.28094087839480436,0.00467129220694794,6,SGD,"[48, 56]",0.01587049496175006,0.030468169383282756,0.19290260478962676,0.26130921792816353,0.35131376864765906,0.28094087839480436,"[10422, 193]","[56, 48]","[48, 386]","[386, 1302]","[1302, 3088]","[3088, 6031]","[6031, 10422]",0.01587049496175006,0.030468169383282756,0.19290260478962676,0.26130921792816353,0.35131376864765906,0.28094087839480436,"[386, 48]","[1302, 386]","[3088, 1302]","[6031, 3088]","[10422, 6031]","[193, 10422]",PRUNED
488,488,0.9846168160438538,2023-04-05 17:31:44.835933,2023-04-05 17:31:45.137011,0 days 00:00:00.301078,2,58,0.03500479210312285,0.3150768542510966,0.24826835843286466,,,,1.7668609803879512e-05,3,Adam,"[48, 58]",0.03500479210312285,0.3150768542510966,0.24826835843286466,,,,"[1302, 193]","[58, 48]","[48, 386]","[386, 1302]",,,,0.03500479210312285,0.3150768542510966,0.24826835843286466,,,,"[386, 48]","[1302, 386]","[193, 1302]",,,,PRUNED
489,489,0.5811609625816345,2023-04-05 17:31:45.137896,2023-04-05 17:31:45.436877,0 days 00:00:00.298981,5,53,0.0088475591837829,0.018560727646623688,0.14760035434861152,,,,0.0011919699792136663,3,Adam,"[48, 53]",0.0088475591837829,0.018560727646623688,0.14760035434861152,,,,"[1302, 193]","[53, 48]","[48, 386]","[386, 1302]",,,,0.0088475591837829,0.018560727646623688,0.14760035434861152,,,,"[386, 48]","[1302, 386]","[193, 1302]",,,,PRUNED
490,490,0.8193240165710449,2023-04-05 17:31:45.437984,2023-04-05 17:31:45.728138,0 days 00:00:00.290154,2,126,0.00023765902105734628,0.05210809574969065,0.33981821913029564,,,,5.970410916618647e-05,3,Adam,"[48, 126]",0.00023765902105734628,0.05210809574969065,0.33981821913029564,,,,"[1302, 193]","[126, 48]","[48, 386]","[386, 1302]",,,,0.00023765902105734628,0.05210809574969065,0.33981821913029564,,,,"[386, 48]","[1302, 386]","[193, 1302]",,,,PRUNED
491,491,1.0390957593917847,2023-04-05 17:31:45.728988,2023-04-05 17:31:46.015321,0 days 00:00:00.286333,2,57,0.060328220407909236,0.09260173985900906,0.2268866498149209,,,,0.0015225465494586809,3,RMSprop,"[48, 57]",0.060328220407909236,0.09260173985900906,0.2268866498149209,,,,"[1302, 193]","[57, 48]","[48, 386]","[386, 1302]",,,,0.060328220407909236,0.09260173985900906,0.2268866498149209,,,,"[386, 48]","[1302, 386]","[193, 1302]",,,,PRUNED
492,492,0.503292977809906,2023-04-05 17:31:46.016427,2023-04-05 17:31:46.307447,0 days 00:00:00.291020,2,44,0.25340941243005644,0.0768803588544545,0.17609768847244264,,,,0.0018741459944258028,3,Adam,"[48, 44]",0.25340941243005644,0.0768803588544545,0.17609768847244264,,,,"[1302, 193]","[44, 48]","[48, 386]","[386, 1302]",,,,0.25340941243005644,0.0768803588544545,0.17609768847244264,,,,"[386, 48]","[1302, 386]","[193, 1302]",,,,PRUNED
493,493,0.5064863562583923,2023-04-05 17:31:46.308364,2023-04-05 17:31:46.606844,0 days 00:00:00.298480,2,49,0.019247885916922343,0.06112687132371258,0.26553428748600016,,,,0.00321928217473436,3,Adam,"[48, 49]",0.019247885916922343,0.06112687132371258,0.26553428748600016,,,,"[1302, 193]","[49, 48]","[48, 386]","[386, 1302]",,,,0.019247885916922343,0.06112687132371258,0.26553428748600016,,,,"[386, 48]","[1302, 386]","[193, 1302]",,,,PRUNED
494,494,0.6485481858253479,2023-04-05 17:31:46.607727,2023-04-05 17:31:46.906823,0 days 00:00:00.299096,2,55,0.2093500308522492,0.03499746286730661,0.16619324243262457,,,,0.00024331902024617865,3,Adam,"[48, 55]",0.2093500308522492,0.03499746286730661,0.16619324243262457,,,,"[1302, 193]","[55, 48]","[48, 386]","[386, 1302]",,,,0.2093500308522492,0.03499746286730661,0.16619324243262457,,,,"[386, 48]","[1302, 386]","[193, 1302]",,,,PRUNED
495,495,0.4986640512943268,2023-04-05 17:31:46.907693,2023-04-05 17:31:47.203264,0 days 00:00:00.295571,2,70,0.1034132417430858,0.38767508496844993,0.1987250644648009,,,,0.0009623060401657847,3,Adam,"[48, 70]",0.1034132417430858,0.38767508496844993,0.1987250644648009,,,,"[1302, 193]","[70, 48]","[48, 386]","[386, 1302]",,,,0.1034132417430858,0.38767508496844993,0.1987250644648009,,,,"[386, 48]","[1302, 386]","[193, 1302]",,,,PRUNED
496,496,2.3003389835357666,2023-04-05 17:31:47.204270,2023-04-05 17:31:47.496944,0 days 00:00:00.292674,2,74,0.07177561174590083,0.29044381542806474,0.18661517040478615,,,,0.011336817749741046,3,Adam,"[48, 74]",0.07177561174590083,0.29044381542806474,0.18661517040478615,,,,"[1302, 193]","[74, 48]","[48, 386]","[386, 1302]",,,,0.07177561174590083,0.29044381542806474,0.18661517040478615,,,,"[386, 48]","[1302, 386]","[193, 1302]",,,,PRUNED
497,497,0.519663393497467,2023-04-05 17:31:47.497763,2023-04-05 17:31:47.783105,0 days 00:00:00.285342,2,60,0.3409023740192418,0.12426334860779076,0.15162770442401485,,,,0.002395326126550657,3,Adam,"[48, 60]",0.3409023740192418,0.12426334860779076,0.15162770442401485,,,,"[1302, 193]","[60, 48]","[48, 386]","[386, 1302]",,,,0.3409023740192418,0.12426334860779076,0.15162770442401485,,,,"[386, 48]","[1302, 386]","[193, 1302]",,,,PRUNED
498,498,0.4844117760658264,2023-04-05 17:31:47.784258,2023-04-05 17:31:48.078088,0 days 00:00:00.293830,2,51,0.1333057918688165,0.03767904241458917,0.2897132609162033,,,,0.0012792000000687962,3,Adam,"[48, 51]",0.1333057918688165,0.03767904241458917,0.2897132609162033,,,,"[1302, 193]","[51, 48]","[48, 386]","[386, 1302]",,,,0.1333057918688165,0.03767904241458917,0.2897132609162033,,,,"[386, 48]","[1302, 386]","[193, 1302]",,,,PRUNED
499,499,0.5559061169624329,2023-04-05 17:31:48.079176,2023-04-05 17:31:48.369822,0 days 00:00:00.290646,2,54,0.22762035891368676,0.17913317303742096,0.09374480529746806,,,,0.0004514085624669792,3,Adam,"[48, 54]",0.22762035891368676,0.17913317303742096,0.09374480529746806,,,,"[1302, 193]","[54, 48]","[48, 386]","[386, 1302]",,,,0.22762035891368676,0.17913317303742096,0.09374480529746806,,,,"[386, 48]","[1302, 386]","[193, 1302]",,,,PRUNED
