,number,value,datetime_start,datetime_complete,duration,params_activation,params_bottleneck_size,params_dropout_l1,params_dropout_l2,params_dropout_l3,params_dropout_l4,params_dropout_l5,params_dropout_l6,params_lr,params_n_layers,params_optimizer,user_attrs_bottleneck,user_attrs_decoder_dropout1,user_attrs_decoder_dropout2,user_attrs_decoder_dropout3,user_attrs_decoder_dropout4,user_attrs_decoder_dropout5,user_attrs_decoder_dropout6,user_attrs_decoder_final,user_attrs_decoder_layer1,user_attrs_decoder_layer2,user_attrs_decoder_layer3,user_attrs_decoder_layer4,user_attrs_decoder_layer5,user_attrs_decoder_layer6,user_attrs_encoder_dropout1,user_attrs_encoder_dropout2,user_attrs_encoder_dropout3,user_attrs_encoder_dropout4,user_attrs_encoder_dropout5,user_attrs_encoder_dropout6,user_attrs_encoder_layer1,user_attrs_encoder_layer2,user_attrs_encoder_layer3,user_attrs_encoder_layer4,user_attrs_encoder_layer5,user_attrs_encoder_layer6,state
81,81,0.17621006071567535,2023-04-05 17:09:45.102453,2023-04-05 17:09:55.925556,0 days 00:00:10.823103,2,114,8.717550217325263e-05,0.24800314327251688,0.19446351018982752,,,,0.00045258945480884563,3,Adam,"[48, 114]",8.717550217325263e-05,0.24800314327251688,0.19446351018982752,,,,"[1302, 193]","[114, 48]","[48, 386]","[386, 1302]",,,,8.717550217325263e-05,0.24800314327251688,0.19446351018982752,,,,"[386, 48]","[1302, 386]","[193, 1302]",,,,COMPLETE
82,82,0.16883917152881622,2023-04-05 17:09:55.926769,2023-04-05 17:10:06.825212,0 days 00:00:10.898443,2,118,0.010899490857422646,0.2553479321131029,0.2129603093890294,,,,0.0007358156048963525,3,Adam,"[48, 118]",0.010899490857422646,0.2553479321131029,0.2129603093890294,,,,"[1302, 193]","[118, 48]","[48, 386]","[386, 1302]",,,,0.010899490857422646,0.2553479321131029,0.2129603093890294,,,,"[386, 48]","[1302, 386]","[193, 1302]",,,,COMPLETE
83,83,0.19188392162322998,2023-04-05 17:10:06.826204,2023-04-05 17:10:17.633838,0 days 00:00:10.807634,2,109,0.027306645027548714,0.23934218436163707,0.1844399360378854,,,,0.00032513604636337696,3,Adam,"[48, 109]",0.027306645027548714,0.23934218436163707,0.1844399360378854,,,,"[1302, 193]","[109, 48]","[48, 386]","[386, 1302]",,,,0.027306645027548714,0.23934218436163707,0.1844399360378854,,,,"[386, 48]","[1302, 386]","[193, 1302]",,,,COMPLETE
84,84,0.758105456829071,2023-04-05 17:10:17.634824,2023-04-05 17:10:17.886345,0 days 00:00:00.251521,3,122,0.011679957761823562,0.2689599838079425,0.13291423621778847,,,,0.00038464254032618856,3,Adam,"[48, 122]",0.011679957761823562,0.2689599838079425,0.13291423621778847,,,,"[1302, 193]","[122, 48]","[48, 386]","[386, 1302]",,,,0.011679957761823562,0.2689599838079425,0.13291423621778847,,,,"[386, 48]","[1302, 386]","[193, 1302]",,,,PRUNED
85,85,0.18783830106258392,2023-04-05 17:10:17.887115,2023-04-05 17:10:28.697394,0 days 00:00:10.810279,2,114,0.04125085687111084,0.22117038736179984,0.19988105957764418,,,,0.0010444382287425765,3,Adam,"[48, 114]",0.04125085687111084,0.22117038736179984,0.19988105957764418,,,,"[1302, 193]","[114, 48]","[48, 386]","[386, 1302]",,,,0.04125085687111084,0.22117038736179984,0.19988105957764418,,,,"[386, 48]","[1302, 386]","[193, 1302]",,,,COMPLETE
86,86,0.7265064716339111,2023-04-05 17:10:28.698367,2023-04-05 17:10:28.950371,0 days 00:00:00.252004,1,112,0.06490375327425912,0.2014744889992884,0.17724916452831463,,,,0.0006181585966598036,3,Adam,"[48, 112]",0.06490375327425912,0.2014744889992884,0.17724916452831463,,,,"[1302, 193]","[112, 48]","[48, 386]","[386, 1302]",,,,0.06490375327425912,0.2014744889992884,0.17724916452831463,,,,"[386, 48]","[1302, 386]","[193, 1302]",,,,PRUNED
87,87,0.1540118306875229,2023-04-05 17:10:28.951293,2023-04-05 17:10:39.763629,0 days 00:00:10.812336,2,126,0.00023142281232183676,0.24768475319698538,0.22808294278799143,,,,0.0005124983430234164,3,Adam,"[48, 126]",0.00023142281232183676,0.24768475319698538,0.22808294278799143,,,,"[1302, 193]","[126, 48]","[48, 386]","[386, 1302]",,,,0.00023142281232183676,0.24768475319698538,0.22808294278799143,,,,"[386, 48]","[1302, 386]","[193, 1302]",,,,COMPLETE
88,88,0.1658136397600174,2023-04-05 17:10:39.764628,2023-04-05 17:10:50.595133,0 days 00:00:10.830505,2,126,0.02434902828281247,0.21466111553743109,0.22404539451920943,,,,0.0009056476802762029,3,Adam,"[48, 126]",0.02434902828281247,0.21466111553743109,0.22404539451920943,,,,"[1302, 193]","[126, 48]","[48, 386]","[386, 1302]",,,,0.02434902828281247,0.21466111553743109,0.22404539451920943,,,,"[386, 48]","[1302, 386]","[193, 1302]",,,,COMPLETE
89,89,0.6147569417953491,2023-04-05 17:10:50.596164,2023-04-05 17:10:50.818236,0 days 00:00:00.222072,2,122,0.08891709881756808,0.19097022569234534,,,,,0.000659268321495582,2,Adam,"[48, 122]",0.08891709881756808,0.19097022569234534,,,,,"[386, 193]","[122, 48]","[48, 386]",,,,,0.08891709881756808,0.19097022569234534,,,,,"[386, 48]","[193, 386]",,,,,PRUNED
90,90,0.6590107679367065,2023-04-05 17:10:50.819150,2023-04-05 17:10:51.069962,0 days 00:00:00.250812,5,128,0.05226338452062411,0.178275760737579,0.2588970442252466,,,,0.0005065416276478513,3,Adam,"[48, 128]",0.05226338452062411,0.178275760737579,0.2588970442252466,,,,"[1302, 193]","[128, 48]","[48, 386]","[386, 1302]",,,,0.05226338452062411,0.178275760737579,0.2588970442252466,,,,"[386, 48]","[1302, 386]","[193, 1302]",,,,PRUNED
91,91,0.18188899755477905,2023-04-05 17:10:51.070683,2023-04-05 17:11:01.897011,0 days 00:00:10.826328,2,119,0.009201982542977355,0.2501214425059132,0.2813101827859339,,,,0.00044661514017987626,3,Adam,"[48, 119]",0.009201982542977355,0.2501214425059132,0.2813101827859339,,,,"[1302, 193]","[119, 48]","[48, 386]","[386, 1302]",,,,0.009201982542977355,0.2501214425059132,0.2813101827859339,,,,"[386, 48]","[1302, 386]","[193, 1302]",,,,COMPLETE
92,92,0.5970523953437805,2023-04-05 17:11:01.898108,2023-04-05 17:11:02.149374,0 days 00:00:00.251266,2,124,0.0017646533225863384,0.23906796416054896,0.23483300460911224,,,,0.0002654221256031821,3,Adam,"[48, 124]",0.0017646533225863384,0.23906796416054896,0.23483300460911224,,,,"[1302, 193]","[124, 48]","[48, 386]","[386, 1302]",,,,0.0017646533225863384,0.23906796416054896,0.23483300460911224,,,,"[386, 48]","[1302, 386]","[193, 1302]",,,,PRUNED
93,93,0.20037449896335602,2023-04-05 17:11:02.150390,2023-04-05 17:11:12.970605,0 days 00:00:10.820215,2,120,0.033618938342047704,0.22488190608174002,0.20434006161803087,,,,0.0008200606603138638,3,Adam,"[48, 120]",0.033618938342047704,0.22488190608174002,0.20434006161803087,,,,"[1302, 193]","[120, 48]","[48, 386]","[386, 1302]",,,,0.033618938342047704,0.22488190608174002,0.20434006161803087,,,,"[386, 48]","[1302, 386]","[193, 1302]",,,,COMPLETE
94,94,0.1622381955385208,2023-04-05 17:11:12.971660,2023-04-05 17:11:23.775966,0 days 00:00:10.804306,2,113,0.008978805377491694,0.20501583730009157,0.16116768081505858,,,,0.0005621675728354737,3,Adam,"[48, 113]",0.008978805377491694,0.20501583730009157,0.16116768081505858,,,,"[1302, 193]","[113, 48]","[48, 386]","[386, 1302]",,,,0.008978805377491694,0.20501583730009157,0.16116768081505858,,,,"[386, 48]","[1302, 386]","[193, 1302]",,,,COMPLETE
95,95,0.18309861421585083,2023-04-05 17:11:23.777016,2023-04-05 17:11:34.598576,0 days 00:00:10.821560,2,117,0.02138906986941626,0.2086043203009505,0.16142420310656158,,,,0.0006316142475703656,3,Adam,"[48, 117]",0.02138906986941626,0.2086043203009505,0.16142420310656158,,,,"[1302, 193]","[117, 48]","[48, 386]","[386, 1302]",,,,0.02138906986941626,0.2086043203009505,0.16142420310656158,,,,"[386, 48]","[1302, 386]","[193, 1302]",,,,COMPLETE
96,96,0.37899836897850037,2023-04-05 17:11:34.599591,2023-04-05 17:11:35.442123,0 days 00:00:00.842532,2,76,0.01130070535030657,0.2024124215216896,0.11952884648633831,,,,0.0010999758175209596,3,Adagrad,"[48, 76]",0.01130070535030657,0.2024124215216896,0.11952884648633831,,,,"[1302, 193]","[76, 48]","[48, 386]","[386, 1302]",,,,0.01130070535030657,0.2024124215216896,0.11952884648633831,,,,"[386, 48]","[1302, 386]","[193, 1302]",,,,PRUNED
97,97,0.18527758121490479,2023-04-05 17:11:35.443229,2023-04-05 17:11:46.252987,0 days 00:00:10.809758,2,126,0.03750348107323623,0.1878850681633754,0.14312419553311778,,,,0.0003597054901010669,3,Adam,"[48, 126]",0.03750348107323623,0.1878850681633754,0.14312419553311778,,,,"[1302, 193]","[126, 48]","[48, 386]","[386, 1302]",,,,0.03750348107323623,0.1878850681633754,0.14312419553311778,,,,"[386, 48]","[1302, 386]","[193, 1302]",,,,COMPLETE
98,98,0.9782229065895081,2023-04-05 17:11:46.253979,2023-04-05 17:11:46.840697,0 days 00:00:00.586718,2,123,0.022780978749817538,0.1691863228602038,0.1754592312970959,0.15362683019707618,,,0.000538708019248117,4,SGD,"[48, 123]",0.022780978749817538,0.1691863228602038,0.1754592312970959,0.15362683019707618,,,"[3088, 193]","[123, 48]","[48, 386]","[386, 1302]","[1302, 3088]",,,0.022780978749817538,0.1691863228602038,0.1754592312970959,0.15362683019707618,,,"[386, 48]","[1302, 386]","[3088, 1302]","[193, 3088]",,,PRUNED
99,99,1.4491047859191895,2023-04-05 17:11:46.841661,2023-04-05 17:11:47.149049,0 days 00:00:00.307388,2,107,0.04673105577021831,0.21958631645362264,0.215564868109719,,,,0.0019184933482971913,3,RMSprop,"[48, 107]",0.04673105577021831,0.21958631645362264,0.215564868109719,,,,"[1302, 193]","[107, 48]","[48, 386]","[386, 1302]",,,,0.04673105577021831,0.21958631645362264,0.215564868109719,,,,"[386, 48]","[1302, 386]","[193, 1302]",,,,PRUNED
100,100,0.7381041646003723,2023-04-05 17:11:47.149751,2023-04-05 17:11:47.402557,0 days 00:00:00.252806,0,120,0.01053097367785453,0.236543367944477,0.1580034604857668,,,,0.0008212907993762938,3,Adam,"[48, 120]",0.01053097367785453,0.236543367944477,0.1580034604857668,,,,"[1302, 193]","[120, 48]","[48, 386]","[386, 1302]",,,,0.01053097367785453,0.236543367944477,0.1580034604857668,,,,"[386, 48]","[1302, 386]","[193, 1302]",,,,PRUNED
101,101,0.5903226733207703,2023-04-05 17:11:47.403255,2023-04-05 17:11:47.656058,0 days 00:00:00.252803,2,111,0.012277158932377762,0.25398742435462174,0.19086559581930562,,,,0.0004506120767151814,3,Adam,"[48, 111]",0.012277158932377762,0.25398742435462174,0.19086559581930562,,,,"[1302, 193]","[111, 48]","[48, 386]","[386, 1302]",,,,0.012277158932377762,0.25398742435462174,0.19086559581930562,,,,"[386, 48]","[1302, 386]","[193, 1302]",,,,PRUNED
102,102,0.16515137255191803,2023-04-05 17:11:47.656722,2023-04-05 17:11:58.479150,0 days 00:00:10.822428,2,103,0.0031847004060263882,0.2719049940688122,0.20830328513396745,,,,0.0006616260173989995,3,Adam,"[48, 103]",0.0031847004060263882,0.2719049940688122,0.20830328513396745,,,,"[1302, 193]","[103, 48]","[48, 386]","[386, 1302]",,,,0.0031847004060263882,0.2719049940688122,0.20830328513396745,,,,"[386, 48]","[1302, 386]","[193, 1302]",,,,COMPLETE
103,103,0.5589761137962341,2023-04-05 17:11:58.480213,2023-04-05 17:11:58.732767,0 days 00:00:00.252554,2,113,0.02727287354390807,0.20168943451957738,0.19261947077125968,,,,0.00033757383794617407,3,Adam,"[48, 113]",0.02727287354390807,0.20168943451957738,0.19261947077125968,,,,"[1302, 193]","[113, 48]","[48, 386]","[386, 1302]",,,,0.02727287354390807,0.20168943451957738,0.19261947077125968,,,,"[386, 48]","[1302, 386]","[193, 1302]",,,,PRUNED
104,104,0.1455235779285431,2023-04-05 17:11:58.733461,2023-04-05 17:12:09.645717,0 days 00:00:10.912256,2,115,0.0015498900092448154,0.2265095516841114,0.17441687531891806,,,,0.0013733665510810152,3,Adam,"[48, 115]",0.0015498900092448154,0.2265095516841114,0.17441687531891806,,,,"[1302, 193]","[115, 48]","[48, 386]","[386, 1302]",,,,0.0015498900092448154,0.2265095516841114,0.17441687531891806,,,,"[386, 48]","[1302, 386]","[193, 1302]",,,,COMPLETE
105,105,0.16839374601840973,2023-04-05 17:12:09.646693,2023-04-05 17:12:20.478650,0 days 00:00:10.831957,2,116,0.03515635291499282,0.2262979184611278,0.16863592699160015,,,,0.0013727656155332793,3,Adam,"[48, 116]",0.03515635291499282,0.2262979184611278,0.16863592699160015,,,,"[1302, 193]","[116, 48]","[48, 386]","[386, 1302]",,,,0.03515635291499282,0.2262979184611278,0.16863592699160015,,,,"[386, 48]","[1302, 386]","[193, 1302]",,,,COMPLETE
106,106,0.16588710248470306,2023-04-05 17:12:20.479695,2023-04-05 17:12:31.306057,0 days 00:00:10.826362,2,109,0.02257172805918562,0.2093318637450849,0.1498251349413214,,,,0.001117213596754211,3,Adam,"[48, 109]",0.02257172805918562,0.2093318637450849,0.1498251349413214,,,,"[1302, 193]","[109, 48]","[48, 386]","[386, 1302]",,,,0.02257172805918562,0.2093318637450849,0.1498251349413214,,,,"[386, 48]","[1302, 386]","[193, 1302]",,,,COMPLETE
107,107,0.6712898015975952,2023-04-05 17:12:31.307040,2023-04-05 17:12:31.559894,0 days 00:00:00.252854,3,126,3.608651282481154e-05,0.1916339010853676,0.1798145287410954,,,,0.0013819179326864024,3,Adam,"[48, 126]",3.608651282481154e-05,0.1916339010853676,0.1798145287410954,,,,"[1302, 193]","[126, 48]","[48, 386]","[386, 1302]",,,,3.608651282481154e-05,0.1916339010853676,0.1798145287410954,,,,"[386, 48]","[1302, 386]","[193, 1302]",,,,PRUNED
108,108,0.6979548931121826,2023-04-05 17:12:31.560882,2023-04-05 17:12:32.191460,0 days 00:00:00.630578,1,118,0.04954119882608562,0.17457323996557395,0.13546840866858642,0.0010596270940219088,,,0.0009321129236143124,4,Adam,"[48, 118]",0.04954119882608562,0.17457323996557395,0.13546840866858642,0.0010596270940219088,,,"[3088, 193]","[118, 48]","[48, 386]","[386, 1302]","[1302, 3088]",,,0.04954119882608562,0.17457323996557395,0.13546840866858642,0.0010596270940219088,,,"[386, 48]","[1302, 386]","[3088, 1302]","[193, 3088]",,,PRUNED
109,109,0.5974739789962769,2023-04-05 17:12:32.192272,2023-04-05 17:12:32.445177,0 days 00:00:00.252905,5,121,0.01786537602685207,0.22835184241265039,0.22204878404038306,,,,0.0007388126830295171,3,Adam,"[48, 121]",0.01786537602685207,0.22835184241265039,0.22204878404038306,,,,"[1302, 193]","[121, 48]","[48, 386]","[386, 1302]",,,,0.01786537602685207,0.22835184241265039,0.22204878404038306,,,,"[386, 48]","[1302, 386]","[193, 1302]",,,,PRUNED
110,110,0.6284640431404114,2023-04-05 17:12:32.445956,2023-04-05 17:12:32.666749,0 days 00:00:00.220793,2,128,0.03616455958400795,0.18521336603738392,,,,,0.0005272683459807215,2,Adam,"[48, 128]",0.03616455958400795,0.18521336603738392,,,,,"[386, 193]","[128, 48]","[48, 386]",,,,,0.03616455958400795,0.18521336603738392,,,,,"[386, 48]","[193, 386]",,,,,PRUNED
111,111,0.5388686060905457,2023-04-05 17:12:32.667415,2023-04-05 17:12:33.135289,0 days 00:00:00.467874,2,112,0.01073612142965997,0.21030698938077297,0.18585650463991163,,,,0.0004059311631069077,3,Adam,"[48, 112]",0.01073612142965997,0.21030698938077297,0.18585650463991163,,,,"[1302, 193]","[112, 48]","[48, 386]","[386, 1302]",,,,0.01073612142965997,0.21030698938077297,0.18585650463991163,,,,"[386, 48]","[1302, 386]","[193, 1302]",,,,PRUNED
112,112,0.1599843055009842,2023-04-05 17:12:33.136021,2023-04-05 17:12:43.985036,0 days 00:00:10.849015,2,115,0.0007068837217219183,0.24418781714254514,0.20194869087365425,,,,0.0006206125808162398,3,Adam,"[48, 115]",0.0007068837217219183,0.24418781714254514,0.20194869087365425,,,,"[1302, 193]","[115, 48]","[48, 386]","[386, 1302]",,,,0.0007068837217219183,0.24418781714254514,0.20194869087365425,,,,"[386, 48]","[1302, 386]","[193, 1302]",,,,COMPLETE
113,113,0.1572829633951187,2023-04-05 17:12:43.986106,2023-04-05 17:12:54.821315,0 days 00:00:10.835209,2,115,0.007323858173843421,0.24205710271184455,0.1658192871183913,,,,0.0010329125337426115,3,Adam,"[48, 115]",0.007323858173843421,0.24205710271184455,0.1658192871183913,,,,"[1302, 193]","[115, 48]","[48, 386]","[386, 1302]",,,,0.007323858173843421,0.24205710271184455,0.1658192871183913,,,,"[386, 48]","[1302, 386]","[193, 1302]",,,,COMPLETE
114,114,0.17491351068019867,2023-04-05 17:12:54.823555,2023-04-05 17:13:05.666242,0 days 00:00:10.842687,2,124,0.020447863695944434,0.24144365509344481,0.22674570105150338,,,,0.001074050300134996,3,Adam,"[48, 124]",0.020447863695944434,0.24144365509344481,0.22674570105150338,,,,"[1302, 193]","[124, 48]","[48, 386]","[386, 1302]",,,,0.020447863695944434,0.24144365509344481,0.22674570105150338,,,,"[386, 48]","[1302, 386]","[193, 1302]",,,,COMPLETE
115,115,0.1943272352218628,2023-04-05 17:13:05.667254,2023-04-05 17:13:16.494921,0 days 00:00:10.827667,2,115,0.030613304885904837,0.2635529198580229,0.20390919892535855,,,,0.001970858053064779,3,Adam,"[48, 115]",0.030613304885904837,0.2635529198580229,0.20390919892535855,,,,"[1302, 193]","[115, 48]","[48, 386]","[386, 1302]",,,,0.030613304885904837,0.2635529198580229,0.20390919892535855,,,,"[386, 48]","[1302, 386]","[193, 1302]",,,,COMPLETE
116,116,0.14229637384414673,2023-04-05 17:13:16.495965,2023-04-05 17:13:27.312662,0 days 00:00:10.816697,2,118,0.0002590981636026374,0.22205445744840807,0.24204496388394134,,,,0.0008293593884021892,3,Adam,"[48, 118]",0.0002590981636026374,0.22205445744840807,0.24204496388394134,,,,"[1302, 193]","[118, 48]","[48, 386]","[386, 1302]",,,,0.0002590981636026374,0.22205445744840807,0.24204496388394134,,,,"[386, 48]","[1302, 386]","[193, 1302]",,,,COMPLETE
117,117,0.5594546794891357,2023-04-05 17:13:27.313961,2023-04-05 17:13:27.554119,0 days 00:00:00.240158,2,118,0.06654008353615143,0.21882870743632035,0.2380086737646625,,,,0.0008460140003501083,3,Adagrad,"[48, 118]",0.06654008353615143,0.21882870743632035,0.2380086737646625,,,,"[1302, 193]","[118, 48]","[48, 386]","[386, 1302]",,,,0.06654008353615143,0.21882870743632035,0.2380086737646625,,,,"[386, 48]","[1302, 386]","[193, 1302]",,,,PRUNED
118,118,0.21909599006175995,2023-04-05 17:13:27.554872,2023-04-05 17:13:33.815641,0 days 00:00:06.260769,2,123,0.054090475676899806,0.2315070945275203,0.2152345546776932,,,,0.0012871719057954267,3,Adam,"[48, 123]",0.054090475676899806,0.2315070945275203,0.2152345546776932,,,,"[1302, 193]","[123, 48]","[48, 386]","[386, 1302]",,,,0.054090475676899806,0.2315070945275203,0.2152345546776932,,,,"[386, 48]","[1302, 386]","[193, 1302]",,,,PRUNED
119,119,0.16992218792438507,2023-04-05 17:13:33.816387,2023-04-05 17:13:44.659556,0 days 00:00:10.843169,2,120,0.016813536749737106,0.19538330572137172,0.2553066215203468,,,,0.0014815700275287262,3,Adam,"[48, 120]",0.016813536749737106,0.19538330572137172,0.2553066215203468,,,,"[1302, 193]","[120, 48]","[48, 386]","[386, 1302]",,,,0.016813536749737106,0.19538330572137172,0.2553066215203468,,,,"[386, 48]","[1302, 386]","[193, 1302]",,,,COMPLETE
120,120,0.9603118896484375,2023-04-05 17:13:44.660499,2023-04-05 17:13:44.892499,0 days 00:00:00.232000,2,125,0.009718682124947586,0.25472644888554,0.24650501533690788,,,,0.0022260733600761103,3,SGD,"[48, 125]",0.009718682124947586,0.25472644888554,0.24650501533690788,,,,"[1302, 193]","[125, 48]","[48, 386]","[386, 1302]",,,,0.009718682124947586,0.25472644888554,0.24650501533690788,,,,"[386, 48]","[1302, 386]","[193, 1302]",,,,PRUNED
121,121,0.2064753621816635,2023-04-05 17:13:44.893192,2023-04-05 17:13:55.734624,0 days 00:00:10.841432,2,110,0.004685296473919576,0.24388986607415186,0.17050140168509,,,,0.0006667682218946834,3,Adam,"[48, 110]",0.004685296473919576,0.24388986607415186,0.17050140168509,,,,"[1302, 193]","[110, 48]","[48, 386]","[386, 1302]",,,,0.004685296473919576,0.24388986607415186,0.17050140168509,,,,"[386, 48]","[1302, 386]","[193, 1302]",,,,COMPLETE
122,122,0.15385499596595764,2023-04-05 17:13:55.735695,2023-04-05 17:14:06.641970,0 days 00:00:10.906275,2,116,0.00040474995804348085,0.21769096708196853,0.226966905095504,,,,0.0009664805287813156,3,Adam,"[48, 116]",0.00040474995804348085,0.21769096708196853,0.226966905095504,,,,"[1302, 193]","[116, 48]","[48, 386]","[386, 1302]",,,,0.00040474995804348085,0.21769096708196853,0.226966905095504,,,,"[386, 48]","[1302, 386]","[193, 1302]",,,,COMPLETE
123,123,0.19289660453796387,2023-04-05 17:14:06.642953,2023-04-05 17:14:17.453859,0 days 00:00:10.810906,2,122,0.028701763360015165,0.21737383281649375,0.24549789861887136,,,,0.0010071897675814662,3,Adam,"[48, 122]",0.028701763360015165,0.21737383281649375,0.24549789861887136,,,,"[1302, 193]","[122, 48]","[48, 386]","[386, 1302]",,,,0.028701763360015165,0.21737383281649375,0.24549789861887136,,,,"[386, 48]","[1302, 386]","[193, 1302]",,,,COMPLETE
124,124,0.17191876471042633,2023-04-05 17:14:17.454814,2023-04-05 17:14:28.285105,0 days 00:00:10.830291,2,118,0.01940633629758294,0.22672741324916038,0.23114601111265906,,,,0.0017478074433183767,3,Adam,"[48, 118]",0.01940633629758294,0.22672741324916038,0.23114601111265906,,,,"[1302, 193]","[118, 48]","[48, 386]","[386, 1302]",,,,0.01940633629758294,0.22672741324916038,0.23114601111265906,,,,"[386, 48]","[1302, 386]","[193, 1302]",,,,COMPLETE
125,125,0.3458022475242615,2023-04-05 17:14:28.286108,2023-04-05 17:14:29.180983,0 days 00:00:00.894875,2,116,0.04156832721259601,0.23605866489541427,0.21220914412343728,,,,0.000808949705620659,3,Adam,"[48, 116]",0.04156832721259601,0.23605866489541427,0.21220914412343728,,,,"[1302, 193]","[116, 48]","[48, 386]","[386, 1302]",,,,0.04156832721259601,0.23605866489541427,0.21220914412343728,,,,"[386, 48]","[1302, 386]","[193, 1302]",,,,PRUNED
126,126,0.9523815512657166,2023-04-05 17:14:29.181723,2023-04-05 17:14:29.426584,0 days 00:00:00.244861,2,120,0.0008419744990167497,0.21576346649345673,0.19188696323152282,,,,0.001201520458778869,3,RMSprop,"[48, 120]",0.0008419744990167497,0.21576346649345673,0.19188696323152282,,,,"[1302, 193]","[120, 48]","[48, 386]","[386, 1302]",,,,0.0008419744990167497,0.21576346649345673,0.19188696323152282,,,,"[386, 48]","[1302, 386]","[193, 1302]",,,,PRUNED
127,127,0.7113239765167236,2023-04-05 17:14:29.427286,2023-04-05 17:14:29.680623,0 days 00:00:00.253337,0,126,0.024735108294235454,0.20198509044569718,0.22883417639808318,,,,0.002782686320605082,3,Adam,"[48, 126]",0.024735108294235454,0.20198509044569718,0.22883417639808318,,,,"[1302, 193]","[126, 48]","[48, 386]","[386, 1302]",,,,0.024735108294235454,0.20198509044569718,0.22883417639808318,,,,"[386, 48]","[1302, 386]","[193, 1302]",,,,PRUNED
