,number,value,datetime_start,datetime_complete,duration,params_activation,params_bottleneck_size,params_dropout_l1,params_dropout_l2,params_dropout_l3,params_dropout_l4,params_dropout_l5,params_dropout_l6,params_lr,params_n_layers,params_optimizer,user_attrs_bottleneck,user_attrs_decoder_dropout1,user_attrs_decoder_dropout2,user_attrs_decoder_dropout3,user_attrs_decoder_dropout4,user_attrs_decoder_dropout5,user_attrs_decoder_dropout6,user_attrs_decoder_final,user_attrs_decoder_layer1,user_attrs_decoder_layer2,user_attrs_decoder_layer3,user_attrs_decoder_layer4,user_attrs_decoder_layer5,user_attrs_decoder_layer6,user_attrs_encoder_dropout1,user_attrs_encoder_dropout2,user_attrs_encoder_dropout3,user_attrs_encoder_dropout4,user_attrs_encoder_dropout5,user_attrs_encoder_dropout6,user_attrs_encoder_layer1,user_attrs_encoder_layer2,user_attrs_encoder_layer3,user_attrs_encoder_layer4,user_attrs_encoder_layer5,user_attrs_encoder_layer6,state
314,314,0.6708320379257202,2023-04-05 17:27:53.429332,2023-04-05 17:27:53.703904,0 days 00:00:00.274572,2,55,0.007523164089074541,0.17700888973467382,0.15757364594014045,,,,0.0002425802547402431,3,Adam,"[48, 55]",0.007523164089074541,0.17700888973467382,0.15757364594014045,,,,"[1302, 193]","[55, 48]","[48, 386]","[386, 1302]",,,,0.007523164089074541,0.17700888973467382,0.15757364594014045,,,,"[386, 48]","[1302, 386]","[193, 1302]",,,,PRUNED
315,315,1.0162326097488403,2023-04-05 17:27:53.704673,2023-04-05 17:27:53.979554,0 days 00:00:00.274881,1,105,0.00017244574222715186,0.12576873946966016,0.14501069153494503,,,,4.1558138733783716e-05,3,Adam,"[48, 105]",0.00017244574222715186,0.12576873946966016,0.14501069153494503,,,,"[1302, 193]","[105, 48]","[48, 386]","[386, 1302]",,,,0.00017244574222715186,0.12576873946966016,0.14501069153494503,,,,"[386, 48]","[1302, 386]","[193, 1302]",,,,PRUNED
316,316,1.0486092567443848,2023-04-05 17:27:53.980530,2023-04-05 17:27:54.239733,0 days 00:00:00.259203,2,61,0.01494584101981538,0.14468702555521668,0.17858506703465005,,,,0.0020162858046336176,3,SGD,"[48, 61]",0.01494584101981538,0.14468702555521668,0.17858506703465005,,,,"[1302, 193]","[61, 48]","[48, 386]","[386, 1302]",,,,0.01494584101981538,0.14468702555521668,0.17858506703465005,,,,"[386, 48]","[1302, 386]","[193, 1302]",,,,PRUNED
317,317,0.5363850593566895,2023-04-05 17:27:54.240563,2023-04-05 17:27:54.522210,0 days 00:00:00.281647,2,82,0.3543716419718023,0.2790959877793449,0.257209793995827,,,,0.0006521855394285229,3,Adam,"[48, 82]",0.3543716419718023,0.2790959877793449,0.257209793995827,,,,"[1302, 193]","[82, 48]","[48, 386]","[386, 1302]",,,,0.3543716419718023,0.2790959877793449,0.257209793995827,,,,"[386, 48]","[1302, 386]","[193, 1302]",,,,PRUNED
318,318,1.0565452575683594,2023-04-05 17:27:54.523236,2023-04-05 17:27:54.796788,0 days 00:00:00.273552,3,52,0.03816109450307857,0.11457469675614128,0.16740875772043515,,,,0.004148951122099437,3,RMSprop,"[48, 52]",0.03816109450307857,0.11457469675614128,0.16740875772043515,,,,"[1302, 193]","[52, 48]","[48, 386]","[386, 1302]",,,,0.03816109450307857,0.11457469675614128,0.16740875772043515,,,,"[386, 48]","[1302, 386]","[193, 1302]",,,,PRUNED
319,319,0.5764366388320923,2023-04-05 17:27:54.797674,2023-04-05 17:27:55.070153,0 days 00:00:00.272479,5,57,0.09183749855869283,0.1561069744898371,0.20462912842837463,,,,0.0011926116819511244,3,Adam,"[48, 57]",0.09183749855869283,0.1561069744898371,0.20462912842837463,,,,"[1302, 193]","[57, 48]","[48, 386]","[386, 1302]",,,,0.09183749855869283,0.1561069744898371,0.20462912842837463,,,,"[386, 48]","[1302, 386]","[193, 1302]",,,,PRUNED
320,320,0.3017164468765259,2023-04-05 17:27:55.071016,2023-04-05 17:27:55.997456,0 days 00:00:00.926440,2,114,0.11342644965571645,0.1358965800625237,0.13399801453529828,,,,0.001494073294651715,3,Adam,"[48, 114]",0.11342644965571645,0.1358965800625237,0.13399801453529828,,,,"[1302, 193]","[114, 48]","[48, 386]","[386, 1302]",,,,0.11342644965571645,0.1358965800625237,0.13399801453529828,,,,"[386, 48]","[1302, 386]","[193, 1302]",,,,PRUNED
321,321,0.304970920085907,2023-04-05 17:27:55.998211,2023-04-05 17:27:56.925427,0 days 00:00:00.927216,2,58,0.0515189464950425,0.10376491057918884,0.19009882501642705,,,,0.0018269171447975513,3,Adam,"[48, 58]",0.0515189464950425,0.10376491057918884,0.19009882501642705,,,,"[1302, 193]","[58, 48]","[48, 386]","[386, 1302]",,,,0.0515189464950425,0.10376491057918884,0.19009882501642705,,,,"[386, 48]","[1302, 386]","[193, 1302]",,,,PRUNED
322,322,0.15493136644363403,2023-04-05 17:27:56.926160,2023-04-05 17:28:07.918888,0 days 00:00:10.992728,2,87,0.025599907906674525,0.12580322401210955,0.1530540082519466,,,,0.002601313823089568,3,Adam,"[48, 87]",0.025599907906674525,0.12580322401210955,0.1530540082519466,,,,"[1302, 193]","[87, 48]","[48, 386]","[386, 1302]",,,,0.025599907906674525,0.12580322401210955,0.1530540082519466,,,,"[386, 48]","[1302, 386]","[193, 1302]",,,,COMPLETE
323,323,0.4820949137210846,2023-04-05 17:28:07.919957,2023-04-05 17:28:08.210489,0 days 00:00:00.290532,2,118,0.008785791469058817,0.1493529425228306,0.18004067456643116,,,,0.0032051259605656635,3,Adam,"[48, 118]",0.008785791469058817,0.1493529425228306,0.18004067456643116,,,,"[1302, 193]","[118, 48]","[48, 386]","[386, 1302]",,,,0.008785791469058817,0.1493529425228306,0.18004067456643116,,,,"[386, 48]","[1302, 386]","[193, 1302]",,,,PRUNED
324,324,0.3218971788883209,2023-04-05 17:28:08.211278,2023-04-05 17:28:08.927029,0 days 00:00:00.715751,2,50,0.010706561917930527,0.06194263401328324,0.16178289325891845,,,,0.0008710053169194783,3,Adam,"[48, 50]",0.010706561917930527,0.06194263401328324,0.16178289325891845,,,,"[1302, 193]","[50, 48]","[48, 386]","[386, 1302]",,,,0.010706561917930527,0.06194263401328324,0.16178289325891845,,,,"[386, 48]","[1302, 386]","[193, 1302]",,,,PRUNED
325,325,0.4968436360359192,2023-04-05 17:28:08.927865,2023-04-05 17:28:09.213830,0 days 00:00:00.285965,2,35,0.022641855469849318,0.18177354856333255,0.07918618419084561,,,,0.0010586338853438625,3,Adam,"[48, 35]",0.022641855469849318,0.18177354856333255,0.07918618419084561,,,,"[1302, 193]","[35, 48]","[48, 386]","[386, 1302]",,,,0.022641855469849318,0.18177354856333255,0.07918618419084561,,,,"[386, 48]","[1302, 386]","[193, 1302]",,,,PRUNED
326,326,0.13386739790439606,2023-04-05 17:28:09.214808,2023-04-05 17:28:20.141489,0 days 00:00:10.926681,2,54,0.0001597503084277559,0.15876260628135513,0.1731252871599163,,,,0.0013611991209674021,3,Adam,"[48, 54]",0.0001597503084277559,0.15876260628135513,0.1731252871599163,,,,"[1302, 193]","[54, 48]","[48, 386]","[386, 1302]",,,,0.0001597503084277559,0.15876260628135513,0.1731252871599163,,,,"[386, 48]","[1302, 386]","[193, 1302]",,,,COMPLETE
327,327,0.47770851850509644,2023-04-05 17:28:20.142747,2023-04-05 17:28:20.421627,0 days 00:00:00.278880,2,46,0.0691585215410376,0.19531182847654263,0.2683046537655886,,,,0.0012677396779049426,3,Adam,"[48, 46]",0.0691585215410376,0.19531182847654263,0.2683046537655886,,,,"[1302, 193]","[46, 48]","[48, 386]","[386, 1302]",,,,0.0691585215410376,0.19531182847654263,0.2683046537655886,,,,"[386, 48]","[1302, 386]","[193, 1302]",,,,PRUNED
328,328,9.387935638427734,2023-04-05 17:28:20.422374,2023-04-05 17:28:20.698557,0 days 00:00:00.276183,2,53,0.01583542660310217,0.16612122383588862,0.1081303161049989,,,,0.017720337185973854,3,Adam,"[48, 53]",0.01583542660310217,0.16612122383588862,0.1081303161049989,,,,"[1302, 193]","[53, 48]","[48, 386]","[386, 1302]",,,,0.01583542660310217,0.16612122383588862,0.1081303161049989,,,,"[386, 48]","[1302, 386]","[193, 1302]",,,,PRUNED
329,329,0.8503147959709167,2023-04-05 17:28:20.699290,2023-04-05 17:28:20.973236,0 days 00:00:00.273946,2,52,0.00017247521421267622,0.1320465488487328,0.1705525783432776,,,,0.007016465992307402,3,Adam,"[48, 52]",0.00017247521421267622,0.1320465488487328,0.1705525783432776,,,,"[1302, 193]","[52, 48]","[48, 386]","[386, 1302]",,,,0.00017247521421267622,0.1320465488487328,0.1705525783432776,,,,"[386, 48]","[1302, 386]","[193, 1302]",,,,PRUNED
330,330,0.19091467559337616,2023-04-05 17:28:20.974353,2023-04-05 17:28:25.560734,0 days 00:00:04.586381,2,48,0.030903494996786934,0.11851155707847093,0.14577616953776953,,,,0.0014065600645794874,3,Adam,"[48, 48]",0.030903494996786934,0.11851155707847093,0.14577616953776953,,,,"[1302, 193]","[48, 48]","[48, 386]","[386, 1302]",,,,0.030903494996786934,0.11851155707847093,0.14577616953776953,,,,"[386, 48]","[1302, 386]","[193, 1302]",,,,PRUNED
331,331,0.49720972776412964,2023-04-05 17:28:25.561479,2023-04-05 17:28:25.833860,0 days 00:00:00.272381,2,54,0.1771409567025941,0.3543195960968438,0.06754537453390469,,,,0.001072757158322813,3,Adam,"[48, 54]",0.1771409567025941,0.3543195960968438,0.06754537453390469,,,,"[1302, 193]","[54, 48]","[48, 386]","[386, 1302]",,,,0.1771409567025941,0.3543195960968438,0.06754537453390469,,,,"[386, 48]","[1302, 386]","[193, 1302]",,,,PRUNED
332,332,0.5661191940307617,2023-04-05 17:28:25.834837,2023-04-05 17:28:26.471719,0 days 00:00:00.636882,4,112,0.22389818758001467,0.0916896410472138,0.21425488892308342,0.12330145279633353,,,0.0004416031511931338,4,Adam,"[48, 112]",0.22389818758001467,0.0916896410472138,0.21425488892308342,0.12330145279633353,,,"[3088, 193]","[112, 48]","[48, 386]","[386, 1302]","[1302, 3088]",,,0.22389818758001467,0.0916896410472138,0.21425488892308342,0.12330145279633353,,,"[386, 48]","[1302, 386]","[3088, 1302]","[193, 3088]",,,PRUNED
333,333,0.14306314289569855,2023-04-05 17:28:26.472569,2023-04-05 17:28:37.396173,0 days 00:00:10.923604,2,56,0.009720475660570597,0.14294989118523796,0.12553984660263678,,,,0.002127062285009506,3,Adam,"[48, 56]",0.009720475660570597,0.14294989118523796,0.12553984660263678,,,,"[1302, 193]","[56, 48]","[48, 386]","[386, 1302]",,,,0.009720475660570597,0.14294989118523796,0.12553984660263678,,,,"[386, 48]","[1302, 386]","[193, 1302]",,,,COMPLETE
334,334,0.2994685471057892,2023-04-05 17:28:37.397462,2023-04-05 17:28:38.396345,0 days 00:00:00.998883,2,64,0.02048486079975681,0.20323668432041153,0.1597096045152733,,,,0.00156968256467844,3,Adam,"[48, 64]",0.02048486079975681,0.20323668432041153,0.1597096045152733,,,,"[1302, 193]","[64, 48]","[48, 386]","[386, 1302]",,,,0.02048486079975681,0.20323668432041153,0.1597096045152733,,,,"[386, 48]","[1302, 386]","[193, 1302]",,,,PRUNED
335,335,0.325682133436203,2023-04-05 17:28:38.397139,2023-04-05 17:28:39.123709,0 days 00:00:00.726570,2,51,0.009433931700857753,0.2603426407030664,0.1974815457375122,,,,0.000899367534035787,3,Adam,"[48, 51]",0.009433931700857753,0.2603426407030664,0.1974815457375122,,,,"[1302, 193]","[51, 48]","[48, 386]","[386, 1302]",,,,0.009433931700857753,0.2603426407030664,0.1974815457375122,,,,"[386, 48]","[1302, 386]","[193, 1302]",,,,PRUNED
336,336,0.6793552041053772,2023-04-05 17:28:39.124452,2023-04-05 17:28:39.388805,0 days 00:00:00.264353,0,59,0.26416559437123954,0.11061613048700922,0.17125440823540297,,,,0.0006825080075146907,3,Adagrad,"[48, 59]",0.26416559437123954,0.11061613048700922,0.17125440823540297,,,,"[1302, 193]","[59, 48]","[48, 386]","[386, 1302]",,,,0.26416559437123954,0.11061613048700922,0.17125440823540297,,,,"[386, 48]","[1302, 386]","[193, 1302]",,,,PRUNED
337,337,0.14389245212078094,2023-04-05 17:28:39.390896,2023-04-05 17:28:50.315673,0 days 00:00:10.924777,2,55,0.00017202373752056295,0.1350986143601217,0.18661300868211333,,,,0.0012503885962092116,3,Adam,"[48, 55]",0.00017202373752056295,0.1350986143601217,0.18661300868211333,,,,"[1302, 193]","[55, 48]","[48, 386]","[386, 1302]",,,,0.00017202373752056295,0.1350986143601217,0.18661300868211333,,,,"[386, 48]","[1302, 386]","[193, 1302]",,,,COMPLETE
338,338,1.0130577087402344,2023-04-05 17:28:50.317068,2023-04-05 17:28:50.557044,0 days 00:00:00.239976,2,119,0.37918518386291206,0.15977808086045364,,,,,0.002407623684430463,2,SGD,"[48, 119]",0.37918518386291206,0.15977808086045364,,,,,"[386, 193]","[119, 48]","[48, 386]",,,,,0.37918518386291206,0.15977808086045364,,,,,"[386, 48]","[193, 386]",,,,,PRUNED
339,339,0.26190805435180664,2023-04-05 17:28:50.557864,2023-04-05 17:28:51.711266,0 days 00:00:01.153402,2,54,0.03521105278818159,0.1257407830473596,0.23248644738825341,,,,0.0016969953097569932,3,Adam,"[48, 54]",0.03521105278818159,0.1257407830473596,0.23248644738825341,,,,"[1302, 193]","[54, 48]","[48, 386]","[386, 1302]",,,,0.03521105278818159,0.1257407830473596,0.23248644738825341,,,,"[386, 48]","[1302, 386]","[193, 1302]",,,,PRUNED
340,340,0.7082977294921875,2023-04-05 17:28:51.712085,2023-04-05 17:28:52.007736,0 days 00:00:00.295651,3,57,0.16540308183680522,0.2985326000676666,0.1510131637013809,,,,0.0010362478944637274,3,Adam,"[48, 57]",0.16540308183680522,0.2985326000676666,0.1510131637013809,,,,"[1302, 193]","[57, 48]","[48, 386]","[386, 1302]",,,,0.16540308183680522,0.2985326000676666,0.1510131637013809,,,,"[386, 48]","[1302, 386]","[193, 1302]",,,,PRUNED
341,341,0.4814419150352478,2023-04-05 17:28:52.008729,2023-04-05 17:28:52.296293,0 days 00:00:00.287564,2,61,0.017718289547447176,0.1458661511108046,0.03410049199042808,,,,0.0005554396125233197,3,Adam,"[48, 61]",0.017718289547447176,0.1458661511108046,0.03410049199042808,,,,"[1302, 193]","[61, 48]","[48, 386]","[386, 1302]",,,,0.017718289547447176,0.1458661511108046,0.03410049199042808,,,,"[386, 48]","[1302, 386]","[193, 1302]",,,,PRUNED
342,342,0.48545193672180176,2023-04-05 17:28:52.297081,2023-04-05 17:28:52.589063,0 days 00:00:00.291982,2,52,0.00937340175564937,0.17031153241232685,0.09472390986300984,,,,0.0007870233806831948,3,Adam,"[48, 52]",0.00937340175564937,0.17031153241232685,0.09472390986300984,,,,"[1302, 193]","[52, 48]","[48, 386]","[386, 1302]",,,,0.00937340175564937,0.17031153241232685,0.09472390986300984,,,,"[386, 48]","[1302, 386]","[193, 1302]",,,,PRUNED
343,343,1.8253376483917236,2023-04-05 17:28:52.589870,2023-04-05 17:28:52.863734,0 days 00:00:00.273864,2,50,0.05849052450355825,0.12085518060089902,0.17870002191872297,,,,0.001930143962128296,3,RMSprop,"[48, 50]",0.05849052450355825,0.12085518060089902,0.17870002191872297,,,,"[1302, 193]","[50, 48]","[48, 386]","[386, 1302]",,,,0.05849052450355825,0.12085518060089902,0.17870002191872297,,,,"[386, 48]","[1302, 386]","[193, 1302]",,,,PRUNED
344,344,0.3719227612018585,2023-04-05 17:28:52.864472,2023-04-05 17:28:53.361750,0 days 00:00:00.497278,2,116,0.042861214912981706,0.10437296119267314,0.16328184104083682,,,,0.0031554862960784715,3,Adam,"[48, 116]",0.042861214912981706,0.10437296119267314,0.16328184104083682,,,,"[1302, 193]","[116, 48]","[48, 386]","[386, 1302]",,,,0.042861214912981706,0.10437296119267314,0.16328184104083682,,,,"[386, 48]","[1302, 386]","[193, 1302]",,,,PRUNED
345,345,0.6478759050369263,2023-04-05 17:28:53.362501,2023-04-05 17:28:53.645426,0 days 00:00:00.282925,1,59,0.20000576627420902,0.13888816304229676,0.29754693457160275,,,,0.0013074082096135716,3,Adam,"[48, 59]",0.20000576627420902,0.13888816304229676,0.29754693457160275,,,,"[1302, 193]","[59, 48]","[48, 386]","[386, 1302]",,,,0.20000576627420902,0.13888816304229676,0.29754693457160275,,,,"[386, 48]","[1302, 386]","[193, 1302]",,,,PRUNED
346,346,0.468022882938385,2023-04-05 17:28:53.646202,2023-04-05 17:28:53.934253,0 days 00:00:00.288051,2,56,0.12558183867120176,0.15536317690360993,0.2046969159451907,,,,0.001540694584706378,3,Adam,"[48, 56]",0.12558183867120176,0.15536317690360993,0.2046969159451907,,,,"[1302, 193]","[56, 48]","[48, 386]","[386, 1302]",,,,0.12558183867120176,0.15536317690360993,0.2046969159451907,,,,"[386, 48]","[1302, 386]","[193, 1302]",,,,PRUNED
347,347,0.8460955619812012,2023-04-05 17:28:53.935093,2023-04-05 17:28:54.210251,0 days 00:00:00.275158,2,54,0.0003441212284542097,0.18496922318767725,0.19260834119059683,,,,5.995059976835354e-05,3,Adam,"[48, 54]",0.0003441212284542097,0.18496922318767725,0.19260834119059683,,,,"[1302, 193]","[54, 48]","[48, 386]","[386, 1302]",,,,0.0003441212284542097,0.18496922318767725,0.19260834119059683,,,,"[386, 48]","[1302, 386]","[193, 1302]",,,,PRUNED
348,348,0.5753183364868164,2023-04-05 17:28:54.211048,2023-04-05 17:28:54.486925,0 days 00:00:00.275877,5,57,0.02594607270290603,0.09679681193812525,0.13677685525385402,,,,0.0022983979909181242,3,Adam,"[48, 57]",0.02594607270290603,0.09679681193812525,0.13677685525385402,,,,"[1302, 193]","[57, 48]","[48, 386]","[386, 1302]",,,,0.02594607270290603,0.09679681193812525,0.13677685525385402,,,,"[386, 48]","[1302, 386]","[193, 1302]",,,,PRUNED
349,349,0.5077728629112244,2023-04-05 17:28:54.488036,2023-04-05 17:28:54.767681,0 days 00:00:00.279645,2,108,0.010493262096776037,0.13201116138647798,0.1720476791683093,,,,0.0011125961730410964,3,Adam,"[48, 108]",0.010493262096776037,0.13201116138647798,0.1720476791683093,,,,"[1302, 193]","[108, 48]","[48, 386]","[386, 1302]",,,,0.010493262096776037,0.13201116138647798,0.1720476791683093,,,,"[386, 48]","[1302, 386]","[193, 1302]",,,,PRUNED
350,350,0.14118339121341705,2023-04-05 17:28:54.768517,2023-04-05 17:29:05.686906,0 days 00:00:10.918389,2,53,0.016877967958884653,0.11509066200429575,0.18381400816730337,,,,0.0019307528855391633,3,Adam,"[48, 53]",0.016877967958884653,0.11509066200429575,0.18381400816730337,,,,"[1302, 193]","[53, 48]","[48, 386]","[386, 1302]",,,,0.016877967958884653,0.11509066200429575,0.18381400816730337,,,,"[386, 48]","[1302, 386]","[193, 1302]",,,,COMPLETE
351,351,0.529474675655365,2023-04-05 17:29:05.687930,2023-04-05 17:29:05.978188,0 days 00:00:00.290258,2,62,0.24709242442453666,0.14840494689390227,0.15611528725475726,,,,0.00035459189321658367,3,Adam,"[48, 62]",0.24709242442453666,0.14840494689390227,0.15611528725475726,,,,"[1302, 193]","[62, 48]","[48, 386]","[386, 1302]",,,,0.24709242442453666,0.14840494689390227,0.15611528725475726,,,,"[386, 48]","[1302, 386]","[193, 1302]",,,,PRUNED
352,352,0.3988350033760071,2023-04-05 17:29:05.978969,2023-04-05 17:29:06.474451,0 days 00:00:00.495482,2,117,0.14571455739728414,0.12643770602921317,0.16579476140771612,,,,0.0014146947881769993,3,Adam,"[48, 117]",0.14571455739728414,0.12643770602921317,0.16579476140771612,,,,"[1302, 193]","[117, 48]","[48, 386]","[386, 1302]",,,,0.14571455739728414,0.12643770602921317,0.16579476140771612,,,,"[386, 48]","[1302, 386]","[193, 1302]",,,,PRUNED
353,353,0.5276028513908386,2023-04-05 17:29:06.475232,2023-04-05 17:29:06.770162,0 days 00:00:00.294930,2,49,0.23677978726481674,0.17414390422015916,0.22347974655333666,,,,0.0008565206874666155,3,Adam,"[48, 49]",0.23677978726481674,0.17414390422015916,0.22347974655333666,,,,"[1302, 193]","[49, 48]","[48, 386]","[386, 1302]",,,,0.23677978726481674,0.17414390422015916,0.22347974655333666,,,,"[386, 48]","[1302, 386]","[193, 1302]",,,,PRUNED
354,354,0.13565070927143097,2023-04-05 17:29:06.770905,2023-04-05 17:29:17.693587,0 days 00:00:10.922682,2,59,0.008859943712633897,0.08480862840524503,0.19684749470197122,,,,0.0028822267757553435,3,Adam,"[48, 59]",0.008859943712633897,0.08480862840524503,0.19684749470197122,,,,"[1302, 193]","[59, 48]","[48, 386]","[386, 1302]",,,,0.008859943712633897,0.08480862840524503,0.19684749470197122,,,,"[386, 48]","[1302, 386]","[193, 1302]",,,,COMPLETE
355,355,0.2641833424568176,2023-04-05 17:29:17.694600,2023-04-05 17:29:26.867087,0 days 00:00:09.172487,2,60,0.0006730015213368377,0.07565079865752672,0.21082909499762076,,,,0.0027789318560094913,3,Adam,"[48, 60]",0.0006730015213368377,0.07565079865752672,0.21082909499762076,,,,"[1302, 193]","[60, 48]","[48, 386]","[386, 1302]",,,,0.0006730015213368377,0.07565079865752672,0.21082909499762076,,,,"[386, 48]","[1302, 386]","[193, 1302]",,,,PRUNED
356,356,0.4786275625228882,2023-04-05 17:29:26.868148,2023-04-05 17:29:27.152007,0 days 00:00:00.283859,2,102,0.09612606692174563,0.08880228001296807,0.19579774828626964,,,,0.002660632235935948,3,Adam,"[48, 102]",0.09612606692174563,0.08880228001296807,0.19579774828626964,,,,"[1302, 193]","[102, 48]","[48, 386]","[386, 1302]",,,,0.09612606692174563,0.08880228001296807,0.19579774828626964,,,,"[386, 48]","[1302, 386]","[193, 1302]",,,,PRUNED
357,357,0.5100053548812866,2023-04-05 17:29:27.153020,2023-04-05 17:29:27.435350,0 days 00:00:00.282330,2,58,0.023643151881878887,0.4979813077236817,0.19982369411109935,,,,0.0031426508043362732,3,Adam,"[48, 58]",0.023643151881878887,0.4979813077236817,0.19982369411109935,,,,"[1302, 193]","[58, 48]","[48, 386]","[386, 1302]",,,,0.023643151881878887,0.4979813077236817,0.19982369411109935,,,,"[386, 48]","[1302, 386]","[193, 1302]",,,,PRUNED
358,358,0.5724483728408813,2023-04-05 17:29:27.436332,2023-04-05 17:29:27.712252,0 days 00:00:00.275920,2,60,0.008290125446506277,0.07738530759261161,0.3945546512458409,,,,0.005077835059682611,3,Adam,"[48, 60]",0.008290125446506277,0.07738530759261161,0.3945546512458409,,,,"[1302, 193]","[60, 48]","[48, 386]","[386, 1302]",,,,0.008290125446506277,0.07738530759261161,0.3945546512458409,,,,"[386, 48]","[1302, 386]","[193, 1302]",,,,PRUNED
359,359,2.6355643272399902,2023-04-05 17:29:27.713099,2023-04-05 17:29:28.361622,0 days 00:00:00.648523,2,64,0.21007136656432707,0.05955662947908246,0.49785926212820564,0.20524282338613092,,,0.003891809058375975,4,Adam,"[48, 64]",0.21007136656432707,0.05955662947908246,0.49785926212820564,0.20524282338613092,,,"[3088, 193]","[64, 48]","[48, 386]","[386, 1302]","[1302, 3088]",,,0.21007136656432707,0.05955662947908246,0.49785926212820564,0.20524282338613092,,,"[386, 48]","[1302, 386]","[3088, 1302]","[193, 3088]",,,PRUNED
360,360,0.4921327829360962,2023-04-05 17:29:28.362374,2023-04-05 17:29:28.622813,0 days 00:00:00.260439,2,56,0.008331431646073582,0.10838815231883925,0.18265716455592163,,,,0.0035730151151411116,3,Adagrad,"[48, 56]",0.008331431646073582,0.10838815231883925,0.18265716455592163,,,,"[1302, 193]","[56, 48]","[48, 386]","[386, 1302]",,,,0.008331431646073582,0.10838815231883925,0.18265716455592163,,,,"[386, 48]","[1302, 386]","[193, 1302]",,,,PRUNED
